{"D:\\my-code\\1_home\\leksikon-proj\\leksikon-be-2\\src\\services\\admin\\admin.service.ts": {"path":"D:\\my-code\\1_home\\leksikon-proj\\leksikon-be-2\\src\\services\\admin\\admin.service.ts","statementMap":{"0":{"start":{"line":1,"column":0},"end":{"line":1,"column":45}},"1":{"start":{"line":3,"column":0},"end":{"line":3,"column":28}},"2":{"start":{"line":4,"column":0},"end":{"line":4,"column":31}},"3":{"start":{"line":5,"column":0},"end":{"line":5,"column":43}},"4":{"start":{"line":6,"column":0},"end":{"line":6,"column":79}},"5":{"start":{"line":8,"column":19},"end":{"line":8,"column":83}},"6":{"start":{"line":9,"column":23},"end":{"line":9,"column":58}},"7":{"start":{"line":11,"column":29},"end":{"line":70,"column":1}},"8":{"start":{"line":13,"column":24},"end":{"line":20,"column":4}},"9":{"start":{"line":22,"column":2},"end":{"line":33,"column":3}},"10":{"start":{"line":23,"column":4},"end":{"line":27,"column":5}},"11":{"start":{"line":24,"column":18},"end":{"line":24,"column":55}},"12":{"start":{"line":25,"column":7},"end":{"line":25,"column":41}},"13":{"start":{"line":26,"column":6},"end":{"line":26,"column":16}},"14":{"start":{"line":28,"column":4},"end":{"line":32,"column":5}},"15":{"start":{"line":29,"column":18},"end":{"line":29,"column":53}},"16":{"start":{"line":30,"column":7},"end":{"line":30,"column":44}},"17":{"start":{"line":31,"column":6},"end":{"line":31,"column":16}},"18":{"start":{"line":36,"column":21},"end":{"line":36,"column":23}},"19":{"start":{"line":37,"column":25},"end":{"line":37,"column":69}},"20":{"start":{"line":39,"column":2},"end":{"line":69,"column":3}},"21":{"start":{"line":40,"column":18},"end":{"line":56,"column":6}},"22":{"start":{"line":58,"column":4},"end":{"line":58,"column":17}},"23":{"start":{"line":60,"column":4},"end":{"line":67,"column":5}},"24":{"start":{"line":62,"column":6},"end":{"line":66,"column":7}},"25":{"start":{"line":63,"column":20},"end":{"line":63,"column":65}},"26":{"start":{"line":64,"column":9},"end":{"line":64,"column":46}},"27":{"start":{"line":65,"column":8},"end":{"line":65,"column":18}},"28":{"start":{"line":68,"column":4},"end":{"line":68,"column":16}},"29":{"start":{"line":11,"column":13},"end":{"line":11,"column":29}},"30":{"start":{"line":72,"column":26},"end":{"line":121,"column":1}},"31":{"start":{"line":74,"column":16},"end":{"line":76,"column":4}},"32":{"start":{"line":78,"column":2},"end":{"line":82,"column":3}},"33":{"start":{"line":79,"column":16},"end":{"line":79,"column":54}},"34":{"start":{"line":80,"column":5},"end":{"line":80,"column":46}},"35":{"start":{"line":81,"column":4},"end":{"line":81,"column":14}},"36":{"start":{"line":84,"column":2},"end":{"line":88,"column":3}},"37":{"start":{"line":85,"column":16},"end":{"line":85,"column":51}},"38":{"start":{"line":86,"column":5},"end":{"line":86,"column":43}},"39":{"start":{"line":87,"column":4},"end":{"line":87,"column":14}},"40":{"start":{"line":91,"column":26},"end":{"line":91,"column":77}},"41":{"start":{"line":92,"column":2},"end":{"line":96,"column":3}},"42":{"start":{"line":93,"column":16},"end":{"line":93,"column":54}},"43":{"start":{"line":94,"column":5},"end":{"line":94,"column":46}},"44":{"start":{"line":95,"column":4},"end":{"line":95,"column":14}},"45":{"start":{"line":99,"column":16},"end":{"line":107,"column":null}},"46":{"start":{"line":110,"column":2},"end":{"line":120,"column":4}},"47":{"start":{"line":72,"column":13},"end":{"line":72,"column":26}},"48":{"start":{"line":123,"column":28},"end":{"line":144,"column":1}},"49":{"start":{"line":124,"column":16},"end":{"line":135,"column":4}},"50":{"start":{"line":137,"column":2},"end":{"line":141,"column":3}},"51":{"start":{"line":138,"column":16},"end":{"line":138,"column":44}},"52":{"start":{"line":139,"column":5},"end":{"line":139,"column":42}},"53":{"start":{"line":140,"column":4},"end":{"line":140,"column":14}},"54":{"start":{"line":143,"column":2},"end":{"line":143,"column":15}},"55":{"start":{"line":123,"column":13},"end":{"line":123,"column":28}},"56":{"start":{"line":146,"column":33},"end":{"line":160,"column":1}},"57":{"start":{"line":147,"column":16},"end":{"line":157,"column":4}},"58":{"start":{"line":159,"column":2},"end":{"line":159,"column":15}},"59":{"start":{"line":146,"column":13},"end":{"line":146,"column":33}},"60":{"start":{"line":162,"column":27},"end":{"line":215,"column":1}},"61":{"start":{"line":164,"column":2},"end":{"line":187,"column":3}},"62":{"start":{"line":165,"column":26},"end":{"line":173,"column":6}},"63":{"start":{"line":170,"column":24},"end":{"line":170,"column":51}},"64":{"start":{"line":175,"column":4},"end":{"line":186,"column":5}},"65":{"start":{"line":176,"column":6},"end":{"line":180,"column":7}},"66":{"start":{"line":177,"column":20},"end":{"line":177,"column":57}},"67":{"start":{"line":178,"column":9},"end":{"line":178,"column":43}},"68":{"start":{"line":179,"column":8},"end":{"line":179,"column":18}},"69":{"start":{"line":181,"column":6},"end":{"line":185,"column":7}},"70":{"start":{"line":182,"column":20},"end":{"line":182,"column":55}},"71":{"start":{"line":183,"column":9},"end":{"line":183,"column":46}},"72":{"start":{"line":184,"column":8},"end":{"line":184,"column":18}},"73":{"start":{"line":189,"column":2},"end":{"line":214,"column":3}},"74":{"start":{"line":190,"column":18},"end":{"line":202,"column":6}},"75":{"start":{"line":204,"column":4},"end":{"line":204,"column":17}},"76":{"start":{"line":206,"column":4},"end":{"line":212,"column":5}},"77":{"start":{"line":207,"column":6},"end":{"line":211,"column":7}},"78":{"start":{"line":208,"column":20},"end":{"line":208,"column":65}},"79":{"start":{"line":209,"column":9},"end":{"line":209,"column":46}},"80":{"start":{"line":210,"column":8},"end":{"line":210,"column":18}},"81":{"start":{"line":213,"column":4},"end":{"line":213,"column":16}},"82":{"start":{"line":162,"column":13},"end":{"line":162,"column":27}},"83":{"start":{"line":217,"column":35},"end":{"line":227,"column":1}},"84":{"start":{"line":218,"column":21},"end":{"line":218,"column":23}},"85":{"start":{"line":219,"column":25},"end":{"line":219,"column":67}},"86":{"start":{"line":221,"column":2},"end":{"line":224,"column":5}},"87":{"start":{"line":226,"column":2},"end":{"line":226,"column":54}},"88":{"start":{"line":217,"column":13},"end":{"line":217,"column":35}}},"fnMap":{"0":{"name":"(anonymous_0)","decl":{"start":{"line":11,"column":29},"end":{"line":11,"column":34}},"loc":{"start":{"line":11,"column":64},"end":{"line":70,"column":1}}},"1":{"name":"(anonymous_1)","decl":{"start":{"line":72,"column":26},"end":{"line":72,"column":31}},"loc":{"start":{"line":72,"column":58},"end":{"line":121,"column":1}}},"2":{"name":"(anonymous_2)","decl":{"start":{"line":123,"column":28},"end":{"line":123,"column":33}},"loc":{"start":{"line":123,"column":54},"end":{"line":144,"column":1}}},"3":{"name":"(anonymous_3)","decl":{"start":{"line":146,"column":33},"end":{"line":146,"column":38}},"loc":{"start":{"line":146,"column":78},"end":{"line":160,"column":1}}},"4":{"name":"(anonymous_4)","decl":{"start":{"line":162,"column":27},"end":{"line":162,"column":32}},"loc":{"start":{"line":162,"column":77},"end":{"line":215,"column":1}}},"5":{"name":"(anonymous_5)","decl":{"start":{"line":170,"column":17},"end":{"line":170,"column":20}},"loc":{"start":{"line":170,"column":24},"end":{"line":170,"column":51}}},"6":{"name":"(anonymous_6)","decl":{"start":{"line":217,"column":35},"end":{"line":217,"column":40}},"loc":{"start":{"line":217,"column":82},"end":{"line":227,"column":1}}}},"branchMap":{"0":{"loc":{"start":{"line":8,"column":19},"end":{"line":8,"column":83}},"type":"binary-expr","locations":[{"start":{"line":8,"column":19},"end":{"line":8,"column":41}},{"start":{"line":8,"column":45},"end":{"line":8,"column":83}}]},"1":{"loc":{"start":{"line":9,"column":23},"end":{"line":9,"column":58}},"type":"binary-expr","locations":[{"start":{"line":9,"column":23},"end":{"line":9,"column":49}},{"start":{"line":9,"column":53},"end":{"line":9,"column":58}}]},"2":{"loc":{"start":{"line":22,"column":2},"end":{"line":33,"column":3}},"type":"if","locations":[{"start":{"line":22,"column":2},"end":{"line":33,"column":3}},{"start":{},"end":{}}]},"3":{"loc":{"start":{"line":23,"column":4},"end":{"line":27,"column":5}},"type":"if","locations":[{"start":{"line":23,"column":4},"end":{"line":27,"column":5}},{"start":{},"end":{}}]},"4":{"loc":{"start":{"line":28,"column":4},"end":{"line":32,"column":5}},"type":"if","locations":[{"start":{"line":28,"column":4},"end":{"line":32,"column":5}},{"start":{},"end":{}}]},"5":{"loc":{"start":{"line":45,"column":14},"end":{"line":45,"column":43}},"type":"binary-expr","locations":[{"start":{"line":45,"column":14},"end":{"line":45,"column":23}},{"start":{"line":45,"column":27},"end":{"line":45,"column":43}}]},"6":{"loc":{"start":{"line":46,"column":18},"end":{"line":46,"column":39}},"type":"cond-expr","locations":[{"start":{"line":46,"column":31},"end":{"line":46,"column":35}},{"start":{"line":46,"column":35},"end":{"line":46,"column":39}}]},"7":{"loc":{"start":{"line":46,"column":18},"end":{"line":46,"column":35}},"type":"binary-expr","locations":[{"start":{"line":46,"column":18},"end":{"line":46,"column":35}},{"start":{"line":46,"column":31},"end":{"line":46,"column":35}}]},"8":{"loc":{"start":{"line":60,"column":4},"end":{"line":67,"column":5}},"type":"if","locations":[{"start":{"line":60,"column":4},"end":{"line":67,"column":5}},{"start":{},"end":{}}]},"9":{"loc":{"start":{"line":62,"column":6},"end":{"line":66,"column":7}},"type":"if","locations":[{"start":{"line":62,"column":6},"end":{"line":66,"column":7}},{"start":{},"end":{}}]},"10":{"loc":{"start":{"line":78,"column":2},"end":{"line":82,"column":3}},"type":"if","locations":[{"start":{"line":78,"column":2},"end":{"line":82,"column":3}},{"start":{},"end":{}}]},"11":{"loc":{"start":{"line":84,"column":2},"end":{"line":88,"column":3}},"type":"if","locations":[{"start":{"line":84,"column":2},"end":{"line":88,"column":3}},{"start":{},"end":{}}]},"12":{"loc":{"start":{"line":92,"column":2},"end":{"line":96,"column":3}},"type":"if","locations":[{"start":{"line":92,"column":2},"end":{"line":96,"column":3}},{"start":{},"end":{}}]},"13":{"loc":{"start":{"line":137,"column":2},"end":{"line":141,"column":3}},"type":"if","locations":[{"start":{"line":137,"column":2},"end":{"line":141,"column":3}},{"start":{},"end":{}}]},"14":{"loc":{"start":{"line":164,"column":2},"end":{"line":187,"column":3}},"type":"if","locations":[{"start":{"line":164,"column":2},"end":{"line":187,"column":3}},{"start":{},"end":{}}]},"15":{"loc":{"start":{"line":164,"column":6},"end":{"line":164,"column":33}},"type":"binary-expr","locations":[{"start":{"line":164,"column":6},"end":{"line":164,"column":16}},{"start":{"line":164,"column":20},"end":{"line":164,"column":33}}]},"16":{"loc":{"start":{"line":168,"column":10},"end":{"line":168,"column":49}},"type":"cond-expr","locations":[{"start":{"line":168,"column":23},"end":{"line":168,"column":44}},{"start":{"line":168,"column":47},"end":{"line":168,"column":49}}]},"17":{"loc":{"start":{"line":169,"column":10},"end":{"line":169,"column":58}},"type":"cond-expr","locations":[{"start":{"line":169,"column":26},"end":{"line":169,"column":53}},{"start":{"line":169,"column":56},"end":{"line":169,"column":58}}]},"18":{"loc":{"start":{"line":175,"column":4},"end":{"line":186,"column":5}},"type":"if","locations":[{"start":{"line":175,"column":4},"end":{"line":186,"column":5}},{"start":{},"end":{}}]},"19":{"loc":{"start":{"line":176,"column":6},"end":{"line":180,"column":7}},"type":"if","locations":[{"start":{"line":176,"column":6},"end":{"line":180,"column":7}},{"start":{},"end":{}}]},"20":{"loc":{"start":{"line":181,"column":6},"end":{"line":185,"column":7}},"type":"if","locations":[{"start":{"line":181,"column":6},"end":{"line":185,"column":7}},{"start":{},"end":{}}]},"21":{"loc":{"start":{"line":206,"column":4},"end":{"line":212,"column":5}},"type":"if","locations":[{"start":{"line":206,"column":4},"end":{"line":212,"column":5}},{"start":{},"end":{}}]},"22":{"loc":{"start":{"line":207,"column":6},"end":{"line":211,"column":7}},"type":"if","locations":[{"start":{"line":207,"column":6},"end":{"line":211,"column":7}},{"start":{},"end":{}}]}},"s":{"0":1,"1":1,"2":1,"3":1,"4":1,"5":1,"6":1,"7":1,"8":0,"9":0,"10":0,"11":0,"12":0,"13":0,"14":0,"15":0,"16":0,"17":0,"18":0,"19":0,"20":0,"21":0,"22":0,"23":0,"24":0,"25":0,"26":0,"27":0,"28":0,"29":1,"30":1,"31":4,"32":4,"33":1,"34":1,"35":1,"36":3,"37":1,"38":1,"39":1,"40":2,"41":2,"42":1,"43":1,"44":1,"45":1,"46":1,"47":1,"48":1,"49":0,"50":0,"51":0,"52":0,"53":0,"54":0,"55":1,"56":1,"57":0,"58":0,"59":1,"60":1,"61":0,"62":0,"63":0,"64":0,"65":0,"66":0,"67":0,"68":0,"69":0,"70":0,"71":0,"72":0,"73":0,"74":0,"75":0,"76":0,"77":0,"78":0,"79":0,"80":0,"81":0,"82":1,"83":1,"84":0,"85":0,"86":0,"87":0,"88":1},"f":{"0":0,"1":4,"2":0,"3":0,"4":0,"5":0,"6":0},"b":{"0":[1,1],"1":[1,1],"2":[0,0],"3":[0,0],"4":[0,0],"5":[0,0],"6":[0,0],"7":[0,0],"8":[0,0],"9":[0,0],"10":[1,3],"11":[1,2],"12":[1,1],"13":[0,0],"14":[0,0],"15":[0,0],"16":[0,0],"17":[0,0],"18":[0,0],"19":[0,0],"20":[0,0],"21":[0,0],"22":[0,0]}}
,"D:\\my-code\\1_home\\leksikon-proj\\leksikon-be-2\\src\\services\\admin\\leksikon.service.ts": {"path":"D:\\my-code\\1_home\\leksikon-proj\\leksikon-be-2\\src\\services\\admin\\leksikon.service.ts","statementMap":{"0":{"start":{"line":46,"column":0},"end":{"line":46,"column":45}},"1":{"start":{"line":48,"column":0},"end":{"line":48,"column":81}},"2":{"start":{"line":49,"column":0},"end":{"line":49,"column":79}},"3":{"start":{"line":50,"column":0},"end":{"line":50,"column":20}},"4":{"start":{"line":51,"column":0},"end":{"line":51,"column":29}},"5":{"start":{"line":52,"column":0},"end":{"line":52,"column":24}},"6":{"start":{"line":55,"column":26},"end":{"line":69,"column":2}},"7":{"start":{"line":67,"column":40},"end":{"line":67,"column":53}},"8":{"start":{"line":67,"column":69},"end":{"line":67,"column":80}},"9":{"start":{"line":68,"column":45},"end":{"line":68,"column":58}},"10":{"start":{"line":68,"column":74},"end":{"line":68,"column":85}},"11":{"start":{"line":72,"column":21},"end":{"line":82,"column":1}},"12":{"start":{"line":73,"column":2},"end":{"line":75,"column":3}},"13":{"start":{"line":74,"column":4},"end":{"line":74,"column":26}},"14":{"start":{"line":76,"column":2},"end":{"line":81,"column":29}},"15":{"start":{"line":84,"column":31},"end":{"line":93,"column":1}},"16":{"start":{"line":85,"column":2},"end":{"line":92,"column":5}},"17":{"start":{"line":84,"column":13},"end":{"line":84,"column":31}},"18":{"start":{"line":95,"column":31},"end":{"line":105,"column":1}},"19":{"start":{"line":96,"column":2},"end":{"line":104,"column":5}},"20":{"start":{"line":95,"column":13},"end":{"line":95,"column":31}},"21":{"start":{"line":107,"column":30},"end":{"line":162,"column":1}},"22":{"start":{"line":109,"column":17},"end":{"line":111,"column":4}},"23":{"start":{"line":112,"column":2},"end":{"line":116,"column":3}},"24":{"start":{"line":113,"column":16},"end":{"line":113,"column":45}},"25":{"start":{"line":114,"column":5},"end":{"line":114,"column":43}},"26":{"start":{"line":115,"column":4},"end":{"line":115,"column":14}},"27":{"start":{"line":119,"column":22},"end":{"line":121,"column":4}},"28":{"start":{"line":122,"column":2},"end":{"line":126,"column":3}},"29":{"start":{"line":123,"column":16},"end":{"line":123,"column":50}},"30":{"start":{"line":124,"column":5},"end":{"line":124,"column":48}},"31":{"start":{"line":125,"column":4},"end":{"line":125,"column":14}},"32":{"start":{"line":128,"column":2},"end":{"line":161,"column":3}},"33":{"start":{"line":129,"column":17},"end":{"line":129,"column":47}},"34":{"start":{"line":130,"column":20},"end":{"line":154,"column":6}},"35":{"start":{"line":155,"column":4},"end":{"line":155,"column":19}},"36":{"start":{"line":157,"column":4},"end":{"line":159,"column":5}},"37":{"start":{"line":160,"column":4},"end":{"line":160,"column":16}},"38":{"start":{"line":107,"column":13},"end":{"line":107,"column":30}},"39":{"start":{"line":164,"column":30},"end":{"line":230,"column":1}},"40":{"start":{"line":166,"column":2},"end":{"line":175,"column":3}},"41":{"start":{"line":167,"column":19},"end":{"line":169,"column":6}},"42":{"start":{"line":170,"column":4},"end":{"line":174,"column":5}},"43":{"start":{"line":171,"column":18},"end":{"line":171,"column":47}},"44":{"start":{"line":172,"column":7},"end":{"line":172,"column":45}},"45":{"start":{"line":173,"column":6},"end":{"line":173,"column":16}},"46":{"start":{"line":176,"column":2},"end":{"line":185,"column":3}},"47":{"start":{"line":177,"column":24},"end":{"line":179,"column":6}},"48":{"start":{"line":180,"column":4},"end":{"line":184,"column":5}},"49":{"start":{"line":181,"column":18},"end":{"line":181,"column":52}},"50":{"start":{"line":182,"column":7},"end":{"line":182,"column":50}},"51":{"start":{"line":183,"column":6},"end":{"line":183,"column":16}},"52":{"start":{"line":187,"column":2},"end":{"line":229,"column":3}},"53":{"start":{"line":188,"column":28},"end":{"line":203,"column":6}},"54":{"start":{"line":206,"column":4},"end":{"line":208,"column":5}},"55":{"start":{"line":207,"column":6},"end":{"line":207,"column":55}},"56":{"start":{"line":210,"column":20},"end":{"line":219,"column":6}},"57":{"start":{"line":220,"column":4},"end":{"line":220,"column":19}},"58":{"start":{"line":222,"column":4},"end":{"line":227,"column":5}},"59":{"start":{"line":224,"column":6},"end":{"line":226,"column":7}},"60":{"start":{"line":225,"column":8},"end":{"line":225,"column":20}},"61":{"start":{"line":228,"column":4},"end":{"line":228,"column":16}},"62":{"start":{"line":164,"column":13},"end":{"line":164,"column":30}},"63":{"start":{"line":232,"column":30},"end":{"line":236,"column":1}},"64":{"start":{"line":233,"column":2},"end":{"line":235,"column":5}},"65":{"start":{"line":232,"column":13},"end":{"line":232,"column":30}},"66":{"start":{"line":239,"column":34},"end":{"line":272,"column":1}},"67":{"start":{"line":241,"column":19},"end":{"line":241,"column":88}},"68":{"start":{"line":242,"column":2},"end":{"line":246,"column":3}},"69":{"start":{"line":243,"column":16},"end":{"line":243,"column":47}},"70":{"start":{"line":244,"column":5},"end":{"line":244,"column":45}},"71":{"start":{"line":245,"column":4},"end":{"line":245,"column":14}},"72":{"start":{"line":248,"column":16},"end":{"line":248,"column":69}},"73":{"start":{"line":249,"column":2},"end":{"line":253,"column":3}},"74":{"start":{"line":250,"column":16},"end":{"line":250,"column":44}},"75":{"start":{"line":251,"column":5},"end":{"line":251,"column":42}},"76":{"start":{"line":252,"column":4},"end":{"line":252,"column":14}},"77":{"start":{"line":256,"column":2},"end":{"line":271,"column":5}},"78":{"start":{"line":239,"column":13},"end":{"line":239,"column":34}},"79":{"start":{"line":275,"column":39},"end":{"line":279,"column":1}},"80":{"start":{"line":276,"column":2},"end":{"line":278,"column":5}},"81":{"start":{"line":275,"column":13},"end":{"line":275,"column":39}},"82":{"start":{"line":281,"column":33},"end":{"line":286,"column":1}},"83":{"start":{"line":282,"column":2},"end":{"line":285,"column":5}},"84":{"start":{"line":281,"column":13},"end":{"line":281,"column":33}},"85":{"start":{"line":289,"column":38},"end":{"line":321,"column":1}},"86":{"start":{"line":290,"column":19},"end":{"line":290,"column":88}},"87":{"start":{"line":291,"column":2},"end":{"line":295,"column":3}},"88":{"start":{"line":292,"column":16},"end":{"line":292,"column":47}},"89":{"start":{"line":293,"column":5},"end":{"line":293,"column":45}},"90":{"start":{"line":294,"column":4},"end":{"line":294,"column":14}},"91":{"start":{"line":297,"column":20},"end":{"line":297,"column":94}},"92":{"start":{"line":298,"column":2},"end":{"line":302,"column":3}},"93":{"start":{"line":299,"column":16},"end":{"line":299,"column":48}},"94":{"start":{"line":300,"column":5},"end":{"line":300,"column":46}},"95":{"start":{"line":301,"column":4},"end":{"line":301,"column":14}},"96":{"start":{"line":305,"column":2},"end":{"line":320,"column":5}},"97":{"start":{"line":289,"column":13},"end":{"line":289,"column":38}},"98":{"start":{"line":324,"column":43},"end":{"line":328,"column":1}},"99":{"start":{"line":325,"column":2},"end":{"line":327,"column":5}},"100":{"start":{"line":324,"column":13},"end":{"line":324,"column":43}},"101":{"start":{"line":330,"column":37},"end":{"line":335,"column":1}},"102":{"start":{"line":331,"column":2},"end":{"line":334,"column":5}},"103":{"start":{"line":330,"column":13},"end":{"line":330,"column":37}},"104":{"start":{"line":338,"column":31},"end":{"line":359,"column":1}},"105":{"start":{"line":344,"column":19},"end":{"line":346,"column":4}},"106":{"start":{"line":348,"column":2},"end":{"line":352,"column":3}},"107":{"start":{"line":349,"column":16},"end":{"line":349,"column":50}},"108":{"start":{"line":350,"column":5},"end":{"line":350,"column":48}},"109":{"start":{"line":351,"column":4},"end":{"line":351,"column":14}},"110":{"start":{"line":354,"column":2},"end":{"line":358,"column":5}},"111":{"start":{"line":338,"column":13},"end":{"line":338,"column":31}},"112":{"start":{"line":362,"column":35},"end":{"line":382,"column":1}},"113":{"start":{"line":367,"column":19},"end":{"line":369,"column":4}},"114":{"start":{"line":371,"column":2},"end":{"line":375,"column":3}},"115":{"start":{"line":372,"column":16},"end":{"line":372,"column":50}},"116":{"start":{"line":373,"column":5},"end":{"line":373,"column":48}},"117":{"start":{"line":374,"column":4},"end":{"line":374,"column":14}},"118":{"start":{"line":377,"column":2},"end":{"line":381,"column":5}},"119":{"start":{"line":362,"column":13},"end":{"line":362,"column":35}},"120":{"start":{"line":384,"column":40},"end":{"line":409,"column":1}},"121":{"start":{"line":385,"column":15},"end":{"line":385,"column":33}},"122":{"start":{"line":387,"column":24},"end":{"line":398,"column":4}},"123":{"start":{"line":400,"column":2},"end":{"line":408,"column":4}},"124":{"start":{"line":384,"column":13},"end":{"line":384,"column":40}},"125":{"start":{"line":411,"column":36},"end":{"line":419,"column":1}},"126":{"start":{"line":412,"column":2},"end":{"line":418,"column":5}},"127":{"start":{"line":411,"column":13},"end":{"line":411,"column":36}},"128":{"start":{"line":421,"column":36},"end":{"line":449,"column":1}},"129":{"start":{"line":423,"column":2},"end":{"line":431,"column":3}},"130":{"start":{"line":424,"column":4},"end":{"line":430,"column":7}},"131":{"start":{"line":434,"column":21},"end":{"line":434,"column":49}},"132":{"start":{"line":435,"column":18},"end":{"line":435,"column":52}},"133":{"start":{"line":436,"column":2},"end":{"line":439,"column":3}},"134":{"start":{"line":438,"column":4},"end":{"line":438,"column":14}},"135":{"start":{"line":441,"column":2},"end":{"line":448,"column":5}},"136":{"start":{"line":421,"column":13},"end":{"line":421,"column":36}},"137":{"start":{"line":452,"column":31},"end":{"line":506,"column":1}},"138":{"start":{"line":458,"column":15},"end":{"line":458,"column":32}},"139":{"start":{"line":459,"column":16},"end":{"line":459,"column":35}},"140":{"start":{"line":460,"column":15},"end":{"line":460,"column":33}},"141":{"start":{"line":463,"column":30},"end":{"line":463,"column":32}},"142":{"start":{"line":466,"column":2},"end":{"line":472,"column":3}},"143":{"start":{"line":467,"column":23},"end":{"line":467,"column":59}},"144":{"start":{"line":468,"column":20},"end":{"line":468,"column":54}},"145":{"start":{"line":469,"column":4},"end":{"line":471,"column":5}},"146":{"start":{"line":470,"column":6},"end":{"line":470,"column":48}},"147":{"start":{"line":475,"column":2},"end":{"line":477,"column":3}},"148":{"start":{"line":476,"column":4},"end":{"line":476,"column":47}},"149":{"start":{"line":479,"column":24},"end":{"line":491,"column":4}},"150":{"start":{"line":493,"column":2},"end":{"line":505,"column":4}},"151":{"start":{"line":452,"column":13},"end":{"line":452,"column":31}},"152":{"start":{"line":508,"column":36},"end":{"line":519,"column":1}},"153":{"start":{"line":509,"column":21},"end":{"line":509,"column":49}},"154":{"start":{"line":510,"column":18},"end":{"line":510,"column":52}},"155":{"start":{"line":511,"column":2},"end":{"line":513,"column":3}},"156":{"start":{"line":512,"column":4},"end":{"line":512,"column":49}},"157":{"start":{"line":515,"column":2},"end":{"line":518,"column":5}},"158":{"start":{"line":508,"column":13},"end":{"line":508,"column":36}},"159":{"start":{"line":522,"column":31},"end":{"line":535,"column":1}},"160":{"start":{"line":523,"column":2},"end":{"line":534,"column":5}},"161":{"start":{"line":522,"column":13},"end":{"line":522,"column":31}},"162":{"start":{"line":542,"column":39},"end":{"line":585,"column":1}},"163":{"start":{"line":543,"column":15},"end":{"line":543,"column":33}},"164":{"start":{"line":545,"column":25},"end":{"line":553,"column":4}},"165":{"start":{"line":555,"column":26},"end":{"line":574,"column":4}},"166":{"start":{"line":576,"column":2},"end":{"line":584,"column":4}},"167":{"start":{"line":542,"column":13},"end":{"line":542,"column":39}},"168":{"start":{"line":588,"column":33},"end":{"line":631,"column":1}},"169":{"start":{"line":589,"column":15},"end":{"line":589,"column":33}},"170":{"start":{"line":591,"column":26},"end":{"line":620,"column":4}},"171":{"start":{"line":622,"column":2},"end":{"line":630,"column":4}},"172":{"start":{"line":588,"column":13},"end":{"line":588,"column":33}},"173":{"start":{"line":634,"column":29},"end":{"line":648,"column":1}},"174":{"start":{"line":635,"column":2},"end":{"line":647,"column":5}},"175":{"start":{"line":634,"column":13},"end":{"line":634,"column":29}},"176":{"start":{"line":651,"column":43},"end":{"line":694,"column":1}},"177":{"start":{"line":652,"column":15},"end":{"line":652,"column":33}},"178":{"start":{"line":654,"column":25},"end":{"line":662,"column":4}},"179":{"start":{"line":664,"column":30},"end":{"line":683,"column":4}},"180":{"start":{"line":685,"column":2},"end":{"line":693,"column":4}},"181":{"start":{"line":651,"column":13},"end":{"line":651,"column":43}},"182":{"start":{"line":697,"column":37},"end":{"line":740,"column":1}},"183":{"start":{"line":698,"column":15},"end":{"line":698,"column":33}},"184":{"start":{"line":700,"column":30},"end":{"line":729,"column":4}},"185":{"start":{"line":731,"column":2},"end":{"line":739,"column":4}},"186":{"start":{"line":697,"column":13},"end":{"line":697,"column":37}},"187":{"start":{"line":743,"column":33},"end":{"line":757,"column":1}},"188":{"start":{"line":744,"column":2},"end":{"line":756,"column":5}},"189":{"start":{"line":743,"column":13},"end":{"line":743,"column":33}},"190":{"start":{"line":760,"column":36},"end":{"line":841,"column":1}},"191":{"start":{"line":767,"column":15},"end":{"line":767,"column":32}},"192":{"start":{"line":768,"column":16},"end":{"line":768,"column":35}},"193":{"start":{"line":769,"column":15},"end":{"line":769,"column":33}},"194":{"start":{"line":771,"column":21},"end":{"line":771,"column":23}},"195":{"start":{"line":774,"column":2},"end":{"line":780,"column":3}},"196":{"start":{"line":775,"column":23},"end":{"line":775,"column":53}},"197":{"start":{"line":776,"column":20},"end":{"line":776,"column":59}},"198":{"start":{"line":777,"column":4},"end":{"line":779,"column":5}},"199":{"start":{"line":778,"column":6},"end":{"line":778,"column":68}},"200":{"start":{"line":783,"column":2},"end":{"line":789,"column":3}},"201":{"start":{"line":784,"column":23},"end":{"line":784,"column":51}},"202":{"start":{"line":785,"column":20},"end":{"line":785,"column":69}},"203":{"start":{"line":786,"column":4},"end":{"line":788,"column":5}},"204":{"start":{"line":787,"column":6},"end":{"line":787,"column":66}},"205":{"start":{"line":792,"column":2},"end":{"line":799,"column":3}},"206":{"start":{"line":795,"column":17},"end":{"line":795,"column":44}},"207":{"start":{"line":796,"column":4},"end":{"line":798,"column":5}},"208":{"start":{"line":797,"column":6},"end":{"line":797,"column":65}},"209":{"start":{"line":801,"column":24},"end":{"line":825,"column":4}},"210":{"start":{"line":827,"column":2},"end":{"line":840,"column":4}},"211":{"start":{"line":760,"column":13},"end":{"line":760,"column":36}},"212":{"start":{"line":844,"column":40},"end":{"line":920,"column":1}},"213":{"start":{"line":851,"column":15},"end":{"line":851,"column":32}},"214":{"start":{"line":852,"column":16},"end":{"line":852,"column":35}},"215":{"start":{"line":853,"column":15},"end":{"line":853,"column":33}},"216":{"start":{"line":855,"column":21},"end":{"line":855,"column":23}},"217":{"start":{"line":858,"column":2},"end":{"line":864,"column":3}},"218":{"start":{"line":859,"column":23},"end":{"line":859,"column":58}},"219":{"start":{"line":860,"column":20},"end":{"line":860,"column":71}},"220":{"start":{"line":861,"column":4},"end":{"line":863,"column":5}},"221":{"start":{"line":862,"column":6},"end":{"line":862,"column":81}},"222":{"start":{"line":867,"column":2},"end":{"line":869,"column":3}},"223":{"start":{"line":868,"column":4},"end":{"line":868,"column":122}},"224":{"start":{"line":872,"column":2},"end":{"line":878,"column":3}},"225":{"start":{"line":873,"column":23},"end":{"line":873,"column":51}},"226":{"start":{"line":874,"column":20},"end":{"line":874,"column":54}},"227":{"start":{"line":875,"column":4},"end":{"line":877,"column":5}},"228":{"start":{"line":876,"column":6},"end":{"line":876,"column":74}},"229":{"start":{"line":880,"column":24},"end":{"line":904,"column":4}},"230":{"start":{"line":906,"column":2},"end":{"line":919,"column":4}},"231":{"start":{"line":844,"column":13},"end":{"line":844,"column":40}},"232":{"start":{"line":923,"column":42},"end":{"line":1145,"column":1}},"233":{"start":{"line":924,"column":2},"end":{"line":924,"column":67}},"234":{"start":{"line":925,"column":2},"end":{"line":925,"column":38}},"235":{"start":{"line":927,"column":18},"end":{"line":933,"column":4}},"236":{"start":{"line":936,"column":48},"end":{"line":952,"column":4}},"237":{"start":{"line":954,"column":2},"end":{"line":954,"column":41}},"238":{"start":{"line":956,"column":2},"end":{"line":1144,"column":5}},"239":{"start":{"line":957,"column":24},"end":{"line":957,"column":26}},"240":{"start":{"line":959,"column":4},"end":{"line":1143,"column":9}},"241":{"start":{"line":962,"column":8},"end":{"line":962,"column":46}},"242":{"start":{"line":963,"column":8},"end":{"line":963,"column":23}},"243":{"start":{"line":966,"column":8},"end":{"line":966,"column":71}},"244":{"start":{"line":967,"column":8},"end":{"line":1137,"column":9}},"245":{"start":{"line":968,"column":35},"end":{"line":968,"column":37}},"246":{"start":{"line":969,"column":28},"end":{"line":969,"column":31}},"247":{"start":{"line":972,"column":10},"end":{"line":974,"column":11}},"248":{"start":{"line":976,"column":10},"end":{"line":1072,"column":11}},"249":{"start":{"line":978,"column":35},"end":{"line":978,"column":37}},"250":{"start":{"line":979,"column":12},"end":{"line":996,"column":13}},"251":{"start":{"line":981,"column":36},"end":{"line":981,"column":69}},"252":{"start":{"line":984,"column":38},"end":{"line":984,"column":72}},"253":{"start":{"line":987,"column":14},"end":{"line":993,"column":15}},"254":{"start":{"line":988,"column":33},"end":{"line":988,"column":60}},"255":{"start":{"line":989,"column":33},"end":{"line":990,"column":null}},"256":{"start":{"line":990,"column":23},"end":{"line":990,"column":58}},"257":{"start":{"line":992,"column":16},"end":{"line":992,"column":98}},"258":{"start":{"line":995,"column":14},"end":{"line":995,"column":43}},"259":{"start":{"line":1001,"column":12},"end":{"line":1071,"column":13}},"260":{"start":{"line":1003,"column":32},"end":{"line":1003,"column":66}},"261":{"start":{"line":1006,"column":34},"end":{"line":1008,"column":16}},"262":{"start":{"line":1009,"column":14},"end":{"line":1014,"column":15}},"263":{"start":{"line":1010,"column":16},"end":{"line":1010,"column":143}},"264":{"start":{"line":1011,"column":16},"end":{"line":1011,"column":34}},"265":{"start":{"line":1012,"column":16},"end":{"line":1012,"column":68}},"266":{"start":{"line":1013,"column":16},"end":{"line":1013,"column":25}},"267":{"start":{"line":1017,"column":29},"end":{"line":1019,"column":16}},"268":{"start":{"line":1020,"column":14},"end":{"line":1025,"column":15}},"269":{"start":{"line":1021,"column":16},"end":{"line":1021,"column":139}},"270":{"start":{"line":1022,"column":16},"end":{"line":1022,"column":34}},"271":{"start":{"line":1023,"column":16},"end":{"line":1023,"column":68}},"272":{"start":{"line":1024,"column":16},"end":{"line":1024,"column":25}},"273":{"start":{"line":1028,"column":30},"end":{"line":1028,"column":44}},"274":{"start":{"line":1029,"column":14},"end":{"line":1031,"column":15}},"275":{"start":{"line":1030,"column":16},"end":{"line":1030,"column":64}},"276":{"start":{"line":1034,"column":31},"end":{"line":1036,"column":16}},"277":{"start":{"line":1037,"column":14},"end":{"line":1042,"column":15}},"278":{"start":{"line":1038,"column":16},"end":{"line":1038,"column":183}},"279":{"start":{"line":1039,"column":16},"end":{"line":1039,"column":34}},"280":{"start":{"line":1040,"column":16},"end":{"line":1040,"column":68}},"281":{"start":{"line":1041,"column":16},"end":{"line":1041,"column":25}},"282":{"start":{"line":1044,"column":14},"end":{"line":1060,"column":17}},"283":{"start":{"line":1063,"column":14},"end":{"line":1068,"column":15}},"284":{"start":{"line":1064,"column":38},"end":{"line":1064,"column":112}},"285":{"start":{"line":1064,"column":72},"end":{"line":1064,"column":111}},"286":{"start":{"line":1065,"column":16},"end":{"line":1065,"column":91}},"287":{"start":{"line":1067,"column":16},"end":{"line":1067,"column":142}},"288":{"start":{"line":1069,"column":14},"end":{"line":1069,"column":32}},"289":{"start":{"line":1075,"column":10},"end":{"line":1118,"column":11}},"290":{"start":{"line":1075,"column":23},"end":{"line":1075,"column":24}},"291":{"start":{"line":1076,"column":26},"end":{"line":1076,"column":59}},"292":{"start":{"line":1078,"column":12},"end":{"line":1117,"column":13}},"293":{"start":{"line":1079,"column":35},"end":{"line":1082,"column":16}},"294":{"start":{"line":1085,"column":39},"end":{"line":1085,"column":57}},"295":{"start":{"line":1086,"column":14},"end":{"line":1086,"column":51}},"296":{"start":{"line":1091,"column":14},"end":{"line":1093,"column":15}},"297":{"start":{"line":1092,"column":16},"end":{"line":1092,"column":87}},"298":{"start":{"line":1092,"column":38},"end":{"line":1092,"column":85}},"299":{"start":{"line":1096,"column":14},"end":{"line":1100,"column":15}},"300":{"start":{"line":1097,"column":37},"end":{"line":1097,"column":68}},"301":{"start":{"line":1098,"column":16},"end":{"line":1098,"column":48}},"302":{"start":{"line":1099,"column":16},"end":{"line":1099,"column":161}},"303":{"start":{"line":1105,"column":14},"end":{"line":1112,"column":15}},"304":{"start":{"line":1106,"column":38},"end":{"line":1106,"column":66}},"305":{"start":{"line":1106,"column":56},"end":{"line":1106,"column":65}},"306":{"start":{"line":1107,"column":37},"end":{"line":1110,"column":18}},"307":{"start":{"line":1115,"column":14},"end":{"line":1115,"column":162}},"308":{"start":{"line":1116,"column":14},"end":{"line":1116,"column":46}},"309":{"start":{"line":1121,"column":10},"end":{"line":1128,"column":11}},"310":{"start":{"line":1122,"column":12},"end":{"line":1125,"column":13}},"311":{"start":{"line":1123,"column":14},"end":{"line":1123,"column":38}},"312":{"start":{"line":1124,"column":14},"end":{"line":1124,"column":50}},"313":{"start":{"line":1127,"column":12},"end":{"line":1127,"column":71}},"314":{"start":{"line":1130,"column":10},"end":{"line":1130,"column":79}},"315":{"start":{"line":1131,"column":10},"end":{"line":1131,"column":49}},"316":{"start":{"line":1132,"column":10},"end":{"line":1132,"column":27}},"317":{"start":{"line":1134,"column":10},"end":{"line":1134,"column":77}},"318":{"start":{"line":1135,"column":10},"end":{"line":1135,"column":41}},"319":{"start":{"line":1136,"column":10},"end":{"line":1136,"column":24}},"320":{"start":{"line":1140,"column":8},"end":{"line":1140,"column":51}},"321":{"start":{"line":1141,"column":8},"end":{"line":1141,"column":39}},"322":{"start":{"line":1142,"column":8},"end":{"line":1142,"column":22}},"323":{"start":{"line":923,"column":13},"end":{"line":923,"column":42}}},"fnMap":{"0":{"name":"(anonymous_0)","decl":{"start":{"line":67,"column":33},"end":{"line":67,"column":36}},"loc":{"start":{"line":67,"column":40},"end":{"line":67,"column":53}}},"1":{"name":"(anonymous_1)","decl":{"start":{"line":67,"column":62},"end":{"line":67,"column":65}},"loc":{"start":{"line":67,"column":69},"end":{"line":67,"column":80}}},"2":{"name":"(anonymous_2)","decl":{"start":{"line":68,"column":38},"end":{"line":68,"column":41}},"loc":{"start":{"line":68,"column":45},"end":{"line":68,"column":58}}},"3":{"name":"(anonymous_3)","decl":{"start":{"line":68,"column":67},"end":{"line":68,"column":70}},"loc":{"start":{"line":68,"column":74},"end":{"line":68,"column":85}}},"4":{"name":"(anonymous_4)","decl":{"start":{"line":72,"column":21},"end":{"line":72,"column":22}},"loc":{"start":{"line":72,"column":46},"end":{"line":82,"column":1}}},"5":{"name":"(anonymous_5)","decl":{"start":{"line":84,"column":31},"end":{"line":84,"column":36}},"loc":{"start":{"line":84,"column":42},"end":{"line":93,"column":1}}},"6":{"name":"(anonymous_6)","decl":{"start":{"line":95,"column":31},"end":{"line":95,"column":36}},"loc":{"start":{"line":95,"column":52},"end":{"line":105,"column":1}}},"7":{"name":"(anonymous_7)","decl":{"start":{"line":107,"column":30},"end":{"line":107,"column":35}},"loc":{"start":{"line":107,"column":65},"end":{"line":162,"column":1}}},"8":{"name":"(anonymous_8)","decl":{"start":{"line":164,"column":30},"end":{"line":164,"column":35}},"loc":{"start":{"line":164,"column":77},"end":{"line":230,"column":1}}},"9":{"name":"(anonymous_9)","decl":{"start":{"line":232,"column":30},"end":{"line":232,"column":35}},"loc":{"start":{"line":232,"column":51},"end":{"line":236,"column":1}}},"10":{"name":"(anonymous_10)","decl":{"start":{"line":239,"column":34},"end":{"line":239,"column":39}},"loc":{"start":{"line":239,"column":110},"end":{"line":272,"column":1}}},"11":{"name":"(anonymous_11)","decl":{"start":{"line":275,"column":39},"end":{"line":275,"column":44}},"loc":{"start":{"line":275,"column":85},"end":{"line":279,"column":1}}},"12":{"name":"(anonymous_12)","decl":{"start":{"line":281,"column":33},"end":{"line":281,"column":38}},"loc":{"start":{"line":281,"column":54},"end":{"line":286,"column":1}}},"13":{"name":"(anonymous_13)","decl":{"start":{"line":289,"column":38},"end":{"line":289,"column":43}},"loc":{"start":{"line":289,"column":127},"end":{"line":321,"column":1}}},"14":{"name":"(anonymous_14)","decl":{"start":{"line":324,"column":43},"end":{"line":324,"column":48}},"loc":{"start":{"line":324,"column":93},"end":{"line":328,"column":1}}},"15":{"name":"(anonymous_15)","decl":{"start":{"line":330,"column":37},"end":{"line":330,"column":42}},"loc":{"start":{"line":330,"column":58},"end":{"line":335,"column":1}}},"16":{"name":"(anonymous_16)","decl":{"start":{"line":338,"column":31},"end":{"line":338,"column":36}},"loc":{"start":{"line":342,"column":4},"end":{"line":359,"column":1}}},"17":{"name":"(anonymous_17)","decl":{"start":{"line":362,"column":35},"end":{"line":362,"column":40}},"loc":{"start":{"line":366,"column":4},"end":{"line":382,"column":1}}},"18":{"name":"(anonymous_18)","decl":{"start":{"line":384,"column":40},"end":{"line":384,"column":45}},"loc":{"start":{"line":384,"column":71},"end":{"line":409,"column":1}}},"19":{"name":"(anonymous_19)","decl":{"start":{"line":411,"column":36},"end":{"line":411,"column":41}},"loc":{"start":{"line":411,"column":63},"end":{"line":419,"column":1}}},"20":{"name":"(anonymous_20)","decl":{"start":{"line":421,"column":36},"end":{"line":421,"column":41}},"loc":{"start":{"line":421,"column":62},"end":{"line":449,"column":1}}},"21":{"name":"(anonymous_21)","decl":{"start":{"line":452,"column":31},"end":{"line":452,"column":36}},"loc":{"start":{"line":457,"column":5},"end":{"line":506,"column":1}}},"22":{"name":"(anonymous_22)","decl":{"start":{"line":508,"column":36},"end":{"line":508,"column":41}},"loc":{"start":{"line":508,"column":73},"end":{"line":519,"column":1}}},"23":{"name":"(anonymous_23)","decl":{"start":{"line":522,"column":31},"end":{"line":522,"column":36}},"loc":{"start":{"line":522,"column":89},"end":{"line":535,"column":1}}},"24":{"name":"(anonymous_24)","decl":{"start":{"line":542,"column":39},"end":{"line":542,"column":44}},"loc":{"start":{"line":542,"column":85},"end":{"line":585,"column":1}}},"25":{"name":"(anonymous_25)","decl":{"start":{"line":588,"column":33},"end":{"line":588,"column":38}},"loc":{"start":{"line":588,"column":64},"end":{"line":631,"column":1}}},"26":{"name":"(anonymous_26)","decl":{"start":{"line":634,"column":29},"end":{"line":634,"column":34}},"loc":{"start":{"line":634,"column":55},"end":{"line":648,"column":1}}},"27":{"name":"(anonymous_27)","decl":{"start":{"line":651,"column":43},"end":{"line":651,"column":48}},"loc":{"start":{"line":651,"column":89},"end":{"line":694,"column":1}}},"28":{"name":"(anonymous_28)","decl":{"start":{"line":697,"column":37},"end":{"line":697,"column":42}},"loc":{"start":{"line":697,"column":68},"end":{"line":740,"column":1}}},"29":{"name":"(anonymous_29)","decl":{"start":{"line":743,"column":33},"end":{"line":743,"column":38}},"loc":{"start":{"line":743,"column":63},"end":{"line":757,"column":1}}},"30":{"name":"(anonymous_30)","decl":{"start":{"line":760,"column":36},"end":{"line":760,"column":41}},"loc":{"start":{"line":766,"column":5},"end":{"line":841,"column":1}}},"31":{"name":"(anonymous_31)","decl":{"start":{"line":844,"column":40},"end":{"line":844,"column":45}},"loc":{"start":{"line":850,"column":5},"end":{"line":920,"column":1}}},"32":{"name":"(anonymous_32)","decl":{"start":{"line":923,"column":42},"end":{"line":923,"column":47}},"loc":{"start":{"line":923,"column":69},"end":{"line":1145,"column":1}}},"33":{"name":"(anonymous_33)","decl":{"start":{"line":956,"column":37},"end":{"line":956,"column":38}},"loc":{"start":{"line":956,"column":57},"end":{"line":1144,"column":3}}},"34":{"name":"(anonymous_34)","decl":{"start":{"line":961,"column":18},"end":{"line":961,"column":19}},"loc":{"start":{"line":961,"column":26},"end":{"line":964,"column":7}}},"35":{"name":"(anonymous_35)","decl":{"start":{"line":965,"column":17},"end":{"line":965,"column":22}},"loc":{"start":{"line":965,"column":28},"end":{"line":1138,"column":7}}},"36":{"name":"(anonymous_36)","decl":{"start":{"line":990,"column":18},"end":{"line":990,"column":19}},"loc":{"start":{"line":990,"column":23},"end":{"line":990,"column":58}}},"37":{"name":"(anonymous_37)","decl":{"start":{"line":1064,"column":65},"end":{"line":1064,"column":68}},"loc":{"start":{"line":1064,"column":72},"end":{"line":1064,"column":111}}},"38":{"name":"(anonymous_38)","decl":{"start":{"line":1092,"column":30},"end":{"line":1092,"column":34}},"loc":{"start":{"line":1092,"column":38},"end":{"line":1092,"column":85}}},"39":{"name":"(anonymous_39)","decl":{"start":{"line":1106,"column":48},"end":{"line":1106,"column":52}},"loc":{"start":{"line":1106,"column":56},"end":{"line":1106,"column":65}}},"40":{"name":"(anonymous_40)","decl":{"start":{"line":1139,"column":19},"end":{"line":1139,"column":20}},"loc":{"start":{"line":1139,"column":29},"end":{"line":1143,"column":7}}}},"branchMap":{"0":{"loc":{"start":{"line":73,"column":2},"end":{"line":75,"column":3}},"type":"if","locations":[{"start":{"line":73,"column":2},"end":{"line":75,"column":3}},{"start":{},"end":{}}]},"1":{"loc":{"start":{"line":73,"column":6},"end":{"line":73,"column":33}},"type":"binary-expr","locations":[{"start":{"line":73,"column":6},"end":{"line":73,"column":11}},{"start":{"line":73,"column":15},"end":{"line":73,"column":33}}]},"2":{"loc":{"start":{"line":112,"column":2},"end":{"line":116,"column":3}},"type":"if","locations":[{"start":{"line":112,"column":2},"end":{"line":116,"column":3}},{"start":{},"end":{}}]},"3":{"loc":{"start":{"line":122,"column":2},"end":{"line":126,"column":3}},"type":"if","locations":[{"start":{"line":122,"column":2},"end":{"line":126,"column":3}},{"start":{},"end":{}}]},"4":{"loc":{"start":{"line":140,"column":17},"end":{"line":140,"column":37}},"type":"cond-expr","locations":[{"start":{"line":140,"column":29},"end":{"line":140,"column":33}},{"start":{"line":140,"column":33},"end":{"line":140,"column":37}}]},"5":{"loc":{"start":{"line":140,"column":17},"end":{"line":140,"column":33}},"type":"binary-expr","locations":[{"start":{"line":140,"column":17},"end":{"line":140,"column":33}},{"start":{"line":140,"column":29},"end":{"line":140,"column":33}}]},"6":{"loc":{"start":{"line":141,"column":29},"end":{"line":141,"column":61}},"type":"cond-expr","locations":[{"start":{"line":141,"column":53},"end":{"line":141,"column":57}},{"start":{"line":141,"column":57},"end":{"line":141,"column":61}}]},"7":{"loc":{"start":{"line":141,"column":29},"end":{"line":141,"column":57}},"type":"binary-expr","locations":[{"start":{"line":141,"column":29},"end":{"line":141,"column":57}},{"start":{"line":141,"column":53},"end":{"line":141,"column":57}}]},"8":{"loc":{"start":{"line":142,"column":26},"end":{"line":142,"column":55}},"type":"cond-expr","locations":[{"start":{"line":142,"column":47},"end":{"line":142,"column":51}},{"start":{"line":142,"column":51},"end":{"line":142,"column":55}}]},"9":{"loc":{"start":{"line":142,"column":26},"end":{"line":142,"column":51}},"type":"binary-expr","locations":[{"start":{"line":142,"column":26},"end":{"line":142,"column":51}},{"start":{"line":142,"column":47},"end":{"line":142,"column":51}}]},"10":{"loc":{"start":{"line":144,"column":28},"end":{"line":144,"column":64}},"type":"cond-expr","locations":[{"start":{"line":144,"column":51},"end":{"line":144,"column":55}},{"start":{"line":144,"column":55},"end":{"line":144,"column":64}}]},"11":{"loc":{"start":{"line":144,"column":28},"end":{"line":144,"column":55}},"type":"binary-expr","locations":[{"start":{"line":144,"column":28},"end":{"line":144,"column":55}},{"start":{"line":144,"column":51},"end":{"line":144,"column":55}}]},"12":{"loc":{"start":{"line":146,"column":16},"end":{"line":146,"column":40}},"type":"cond-expr","locations":[{"start":{"line":146,"column":27},"end":{"line":146,"column":31}},{"start":{"line":146,"column":31},"end":{"line":146,"column":40}}]},"13":{"loc":{"start":{"line":146,"column":16},"end":{"line":146,"column":31}},"type":"binary-expr","locations":[{"start":{"line":146,"column":16},"end":{"line":146,"column":31}},{"start":{"line":146,"column":27},"end":{"line":146,"column":31}}]},"14":{"loc":{"start":{"line":157,"column":4},"end":{"line":159,"column":5}},"type":"if","locations":[{"start":{"line":157,"column":4},"end":{"line":159,"column":5}},{"start":{},"end":{}}]},"15":{"loc":{"start":{"line":166,"column":2},"end":{"line":175,"column":3}},"type":"if","locations":[{"start":{"line":166,"column":2},"end":{"line":175,"column":3}},{"start":{},"end":{}}]},"16":{"loc":{"start":{"line":170,"column":4},"end":{"line":174,"column":5}},"type":"if","locations":[{"start":{"line":170,"column":4},"end":{"line":174,"column":5}},{"start":{},"end":{}}]},"17":{"loc":{"start":{"line":176,"column":2},"end":{"line":185,"column":3}},"type":"if","locations":[{"start":{"line":176,"column":2},"end":{"line":185,"column":3}},{"start":{},"end":{}}]},"18":{"loc":{"start":{"line":180,"column":4},"end":{"line":184,"column":5}},"type":"if","locations":[{"start":{"line":180,"column":4},"end":{"line":184,"column":5}},{"start":{},"end":{}}]},"19":{"loc":{"start":{"line":189,"column":10},"end":{"line":189,"column":77}},"type":"binary-expr","locations":[{"start":{"line":189,"column":10},"end":{"line":189,"column":40}},{"start":{"line":189,"column":44},"end":{"line":189,"column":77}}]},"20":{"loc":{"start":{"line":190,"column":10},"end":{"line":190,"column":140}},"type":"binary-expr","locations":[{"start":{"line":190,"column":10},"end":{"line":190,"column":61}},{"start":{"line":190,"column":65},"end":{"line":190,"column":140}}]},"21":{"loc":{"start":{"line":191,"column":10},"end":{"line":191,"column":89}},"type":"binary-expr","locations":[{"start":{"line":191,"column":10},"end":{"line":191,"column":44}},{"start":{"line":191,"column":48},"end":{"line":191,"column":89}}]},"22":{"loc":{"start":{"line":192,"column":10},"end":{"line":192,"column":101}},"type":"binary-expr","locations":[{"start":{"line":192,"column":10},"end":{"line":192,"column":48}},{"start":{"line":192,"column":52},"end":{"line":192,"column":101}}]},"23":{"loc":{"start":{"line":193,"column":10},"end":{"line":193,"column":89}},"type":"binary-expr","locations":[{"start":{"line":193,"column":10},"end":{"line":193,"column":44}},{"start":{"line":193,"column":48},"end":{"line":193,"column":89}}]},"24":{"loc":{"start":{"line":194,"column":10},"end":{"line":194,"column":83}},"type":"binary-expr","locations":[{"start":{"line":194,"column":10},"end":{"line":194,"column":42}},{"start":{"line":194,"column":46},"end":{"line":194,"column":83}}]},"25":{"loc":{"start":{"line":195,"column":10},"end":{"line":195,"column":77}},"type":"binary-expr","locations":[{"start":{"line":195,"column":10},"end":{"line":195,"column":40}},{"start":{"line":195,"column":44},"end":{"line":195,"column":77}}]},"26":{"loc":{"start":{"line":196,"column":10},"end":{"line":196,"column":65}},"type":"binary-expr","locations":[{"start":{"line":196,"column":10},"end":{"line":196,"column":36}},{"start":{"line":196,"column":40},"end":{"line":196,"column":65}}]},"27":{"loc":{"start":{"line":197,"column":10},"end":{"line":197,"column":101}},"type":"binary-expr","locations":[{"start":{"line":197,"column":10},"end":{"line":197,"column":48}},{"start":{"line":197,"column":52},"end":{"line":197,"column":101}}]},"28":{"loc":{"start":{"line":198,"column":10},"end":{"line":198,"column":92}},"type":"binary-expr","locations":[{"start":{"line":198,"column":10},"end":{"line":198,"column":45}},{"start":{"line":198,"column":49},"end":{"line":198,"column":92}}]},"29":{"loc":{"start":{"line":199,"column":10},"end":{"line":199,"column":68}},"type":"binary-expr","locations":[{"start":{"line":199,"column":10},"end":{"line":199,"column":37}},{"start":{"line":199,"column":41},"end":{"line":199,"column":68}}]},"30":{"loc":{"start":{"line":200,"column":10},"end":{"line":200,"column":98}},"type":"binary-expr","locations":[{"start":{"line":200,"column":10},"end":{"line":200,"column":47}},{"start":{"line":200,"column":51},"end":{"line":200,"column":98}}]},"31":{"loc":{"start":{"line":201,"column":10},"end":{"line":201,"column":83}},"type":"binary-expr","locations":[{"start":{"line":201,"column":10},"end":{"line":201,"column":42}},{"start":{"line":201,"column":46},"end":{"line":201,"column":83}}]},"32":{"loc":{"start":{"line":202,"column":10},"end":{"line":202,"column":62}},"type":"binary-expr","locations":[{"start":{"line":202,"column":10},"end":{"line":202,"column":35}},{"start":{"line":202,"column":39},"end":{"line":202,"column":62}}]},"33":{"loc":{"start":{"line":206,"column":4},"end":{"line":208,"column":5}},"type":"if","locations":[{"start":{"line":206,"column":4},"end":{"line":208,"column":5}},{"start":{},"end":{}}]},"34":{"loc":{"start":{"line":222,"column":4},"end":{"line":227,"column":5}},"type":"if","locations":[{"start":{"line":222,"column":4},"end":{"line":227,"column":5}},{"start":{},"end":{}}]},"35":{"loc":{"start":{"line":224,"column":6},"end":{"line":226,"column":7}},"type":"if","locations":[{"start":{"line":224,"column":6},"end":{"line":226,"column":7}},{"start":{},"end":{}}]},"36":{"loc":{"start":{"line":242,"column":2},"end":{"line":246,"column":3}},"type":"if","locations":[{"start":{"line":242,"column":2},"end":{"line":246,"column":3}},{"start":{},"end":{}}]},"37":{"loc":{"start":{"line":249,"column":2},"end":{"line":253,"column":3}},"type":"if","locations":[{"start":{"line":249,"column":2},"end":{"line":253,"column":3}},{"start":{},"end":{}}]},"38":{"loc":{"start":{"line":291,"column":2},"end":{"line":295,"column":3}},"type":"if","locations":[{"start":{"line":291,"column":2},"end":{"line":295,"column":3}},{"start":{},"end":{}}]},"39":{"loc":{"start":{"line":298,"column":2},"end":{"line":302,"column":3}},"type":"if","locations":[{"start":{"line":298,"column":2},"end":{"line":302,"column":3}},{"start":{},"end":{}}]},"40":{"loc":{"start":{"line":348,"column":2},"end":{"line":352,"column":3}},"type":"if","locations":[{"start":{"line":348,"column":2},"end":{"line":352,"column":3}},{"start":{},"end":{}}]},"41":{"loc":{"start":{"line":371,"column":2},"end":{"line":375,"column":3}},"type":"if","locations":[{"start":{"line":371,"column":2},"end":{"line":375,"column":3}},{"start":{},"end":{}}]},"42":{"loc":{"start":{"line":384,"column":47},"end":{"line":384,"column":55}},"type":"default-arg","locations":[{"start":{"line":384,"column":54},"end":{"line":384,"column":55}}]},"43":{"loc":{"start":{"line":384,"column":57},"end":{"line":384,"column":67}},"type":"default-arg","locations":[{"start":{"line":384,"column":65},"end":{"line":384,"column":67}}]},"44":{"loc":{"start":{"line":423,"column":2},"end":{"line":431,"column":3}},"type":"if","locations":[{"start":{"line":423,"column":2},"end":{"line":431,"column":3}},{"start":{},"end":{}}]},"45":{"loc":{"start":{"line":436,"column":2},"end":{"line":439,"column":3}},"type":"if","locations":[{"start":{"line":436,"column":2},"end":{"line":439,"column":3}},{"start":{},"end":{}}]},"46":{"loc":{"start":{"line":458,"column":15},"end":{"line":458,"column":32}},"type":"binary-expr","locations":[{"start":{"line":458,"column":15},"end":{"line":458,"column":27}},{"start":{"line":458,"column":31},"end":{"line":458,"column":32}}]},"47":{"loc":{"start":{"line":459,"column":16},"end":{"line":459,"column":35}},"type":"binary-expr","locations":[{"start":{"line":459,"column":16},"end":{"line":459,"column":29}},{"start":{"line":459,"column":33},"end":{"line":459,"column":35}}]},"48":{"loc":{"start":{"line":466,"column":2},"end":{"line":472,"column":3}},"type":"if","locations":[{"start":{"line":466,"column":2},"end":{"line":472,"column":3}},{"start":{},"end":{}}]},"49":{"loc":{"start":{"line":469,"column":4},"end":{"line":471,"column":5}},"type":"if","locations":[{"start":{"line":469,"column":4},"end":{"line":471,"column":5}},{"start":{},"end":{}}]},"50":{"loc":{"start":{"line":475,"column":2},"end":{"line":477,"column":3}},"type":"if","locations":[{"start":{"line":475,"column":2},"end":{"line":477,"column":3}},{"start":{},"end":{}}]},"51":{"loc":{"start":{"line":501,"column":16},"end":{"line":501,"column":38}},"type":"binary-expr","locations":[{"start":{"line":501,"column":16},"end":{"line":501,"column":30}},{"start":{"line":501,"column":34},"end":{"line":501,"column":38}}]},"52":{"loc":{"start":{"line":502,"column":18},"end":{"line":502,"column":42}},"type":"binary-expr","locations":[{"start":{"line":502,"column":18},"end":{"line":502,"column":34}},{"start":{"line":502,"column":38},"end":{"line":502,"column":42}}]},"53":{"loc":{"start":{"line":511,"column":2},"end":{"line":513,"column":3}},"type":"if","locations":[{"start":{"line":511,"column":2},"end":{"line":513,"column":3}},{"start":{},"end":{}}]},"54":{"loc":{"start":{"line":542,"column":61},"end":{"line":542,"column":69}},"type":"default-arg","locations":[{"start":{"line":542,"column":68},"end":{"line":542,"column":69}}]},"55":{"loc":{"start":{"line":542,"column":71},"end":{"line":542,"column":81}},"type":"default-arg","locations":[{"start":{"line":542,"column":79},"end":{"line":542,"column":81}}]},"56":{"loc":{"start":{"line":549,"column":8},"end":{"line":552,"column":17}},"type":"cond-expr","locations":[{"start":{"line":549,"column":16},"end":{"line":552,"column":6}},{"start":{"line":552,"column":8},"end":{"line":552,"column":17}}]},"57":{"loc":{"start":{"line":588,"column":40},"end":{"line":588,"column":48}},"type":"default-arg","locations":[{"start":{"line":588,"column":47},"end":{"line":588,"column":48}}]},"58":{"loc":{"start":{"line":588,"column":50},"end":{"line":588,"column":60}},"type":"default-arg","locations":[{"start":{"line":588,"column":58},"end":{"line":588,"column":60}}]},"59":{"loc":{"start":{"line":651,"column":65},"end":{"line":651,"column":73}},"type":"default-arg","locations":[{"start":{"line":651,"column":72},"end":{"line":651,"column":73}}]},"60":{"loc":{"start":{"line":651,"column":75},"end":{"line":651,"column":85}},"type":"default-arg","locations":[{"start":{"line":651,"column":83},"end":{"line":651,"column":85}}]},"61":{"loc":{"start":{"line":658,"column":8},"end":{"line":661,"column":17}},"type":"cond-expr","locations":[{"start":{"line":658,"column":16},"end":{"line":661,"column":6}},{"start":{"line":661,"column":8},"end":{"line":661,"column":17}}]},"62":{"loc":{"start":{"line":697,"column":44},"end":{"line":697,"column":52}},"type":"default-arg","locations":[{"start":{"line":697,"column":51},"end":{"line":697,"column":52}}]},"63":{"loc":{"start":{"line":697,"column":54},"end":{"line":697,"column":64}},"type":"default-arg","locations":[{"start":{"line":697,"column":62},"end":{"line":697,"column":64}}]},"64":{"loc":{"start":{"line":767,"column":15},"end":{"line":767,"column":32}},"type":"binary-expr","locations":[{"start":{"line":767,"column":15},"end":{"line":767,"column":27}},{"start":{"line":767,"column":31},"end":{"line":767,"column":32}}]},"65":{"loc":{"start":{"line":768,"column":16},"end":{"line":768,"column":35}},"type":"binary-expr","locations":[{"start":{"line":768,"column":16},"end":{"line":768,"column":29}},{"start":{"line":768,"column":33},"end":{"line":768,"column":35}}]},"66":{"loc":{"start":{"line":774,"column":2},"end":{"line":780,"column":3}},"type":"if","locations":[{"start":{"line":774,"column":2},"end":{"line":780,"column":3}},{"start":{},"end":{}}]},"67":{"loc":{"start":{"line":777,"column":4},"end":{"line":779,"column":5}},"type":"if","locations":[{"start":{"line":777,"column":4},"end":{"line":779,"column":5}},{"start":{},"end":{}}]},"68":{"loc":{"start":{"line":783,"column":2},"end":{"line":789,"column":3}},"type":"if","locations":[{"start":{"line":783,"column":2},"end":{"line":789,"column":3}},{"start":{},"end":{}}]},"69":{"loc":{"start":{"line":786,"column":4},"end":{"line":788,"column":5}},"type":"if","locations":[{"start":{"line":786,"column":4},"end":{"line":788,"column":5}},{"start":{},"end":{}}]},"70":{"loc":{"start":{"line":792,"column":2},"end":{"line":799,"column":3}},"type":"if","locations":[{"start":{"line":792,"column":2},"end":{"line":799,"column":3}},{"start":{},"end":{}}]},"71":{"loc":{"start":{"line":796,"column":4},"end":{"line":798,"column":5}},"type":"if","locations":[{"start":{"line":796,"column":4},"end":{"line":798,"column":5}},{"start":{},"end":{}}]},"72":{"loc":{"start":{"line":835,"column":18},"end":{"line":835,"column":42}},"type":"binary-expr","locations":[{"start":{"line":835,"column":18},"end":{"line":835,"column":34}},{"start":{"line":835,"column":38},"end":{"line":835,"column":42}}]},"73":{"loc":{"start":{"line":836,"column":16},"end":{"line":836,"column":38}},"type":"binary-expr","locations":[{"start":{"line":836,"column":16},"end":{"line":836,"column":30}},{"start":{"line":836,"column":34},"end":{"line":836,"column":38}}]},"74":{"loc":{"start":{"line":837,"column":19},"end":{"line":837,"column":44}},"type":"binary-expr","locations":[{"start":{"line":837,"column":19},"end":{"line":837,"column":36}},{"start":{"line":837,"column":40},"end":{"line":837,"column":44}}]},"75":{"loc":{"start":{"line":851,"column":15},"end":{"line":851,"column":32}},"type":"binary-expr","locations":[{"start":{"line":851,"column":15},"end":{"line":851,"column":27}},{"start":{"line":851,"column":31},"end":{"line":851,"column":32}}]},"76":{"loc":{"start":{"line":852,"column":16},"end":{"line":852,"column":35}},"type":"binary-expr","locations":[{"start":{"line":852,"column":16},"end":{"line":852,"column":29}},{"start":{"line":852,"column":33},"end":{"line":852,"column":35}}]},"77":{"loc":{"start":{"line":858,"column":2},"end":{"line":864,"column":3}},"type":"if","locations":[{"start":{"line":858,"column":2},"end":{"line":864,"column":3}},{"start":{},"end":{}}]},"78":{"loc":{"start":{"line":861,"column":4},"end":{"line":863,"column":5}},"type":"if","locations":[{"start":{"line":861,"column":4},"end":{"line":863,"column":5}},{"start":{},"end":{}}]},"79":{"loc":{"start":{"line":867,"column":2},"end":{"line":869,"column":3}},"type":"if","locations":[{"start":{"line":867,"column":2},"end":{"line":869,"column":3}},{"start":{},"end":{}}]},"80":{"loc":{"start":{"line":872,"column":2},"end":{"line":878,"column":3}},"type":"if","locations":[{"start":{"line":872,"column":2},"end":{"line":878,"column":3}},{"start":{},"end":{}}]},"81":{"loc":{"start":{"line":875,"column":4},"end":{"line":877,"column":5}},"type":"if","locations":[{"start":{"line":875,"column":4},"end":{"line":877,"column":5}},{"start":{},"end":{}}]},"82":{"loc":{"start":{"line":914,"column":23},"end":{"line":914,"column":52}},"type":"binary-expr","locations":[{"start":{"line":914,"column":23},"end":{"line":914,"column":44}},{"start":{"line":914,"column":48},"end":{"line":914,"column":52}}]},"83":{"loc":{"start":{"line":915,"column":25},"end":{"line":915,"column":56}},"type":"binary-expr","locations":[{"start":{"line":915,"column":25},"end":{"line":915,"column":48}},{"start":{"line":915,"column":52},"end":{"line":915,"column":56}}]},"84":{"loc":{"start":{"line":916,"column":16},"end":{"line":916,"column":38}},"type":"binary-expr","locations":[{"start":{"line":916,"column":16},"end":{"line":916,"column":30}},{"start":{"line":916,"column":34},"end":{"line":916,"column":38}}]},"85":{"loc":{"start":{"line":972,"column":10},"end":{"line":974,"column":11}},"type":"if","locations":[{"start":{"line":972,"column":10},"end":{"line":974,"column":11}},{"start":{},"end":{}}]},"86":{"loc":{"start":{"line":984,"column":38},"end":{"line":984,"column":72}},"type":"binary-expr","locations":[{"start":{"line":984,"column":38},"end":{"line":984,"column":66}},{"start":{"line":984,"column":70},"end":{"line":984,"column":72}}]},"87":{"loc":{"start":{"line":987,"column":14},"end":{"line":993,"column":15}},"type":"if","locations":[{"start":{"line":987,"column":14},"end":{"line":993,"column":15}},{"start":{},"end":{}}]},"88":{"loc":{"start":{"line":992,"column":28},"end":{"line":992,"column":97}},"type":"cond-expr","locations":[{"start":{"line":992,"column":40},"end":{"line":992,"column":80}},{"start":{"line":992,"column":84},"end":{"line":992,"column":97}}]},"89":{"loc":{"start":{"line":992,"column":40},"end":{"line":992,"column":80}},"type":"binary-expr","locations":[{"start":{"line":992,"column":40},"end":{"line":992,"column":63}},{"start":{"line":992,"column":67},"end":{"line":992,"column":80}}]},"90":{"loc":{"start":{"line":1009,"column":14},"end":{"line":1014,"column":15}},"type":"if","locations":[{"start":{"line":1009,"column":14},"end":{"line":1014,"column":15}},{"start":{},"end":{}}]},"91":{"loc":{"start":{"line":1020,"column":14},"end":{"line":1025,"column":15}},"type":"if","locations":[{"start":{"line":1020,"column":14},"end":{"line":1025,"column":15}},{"start":{},"end":{}}]},"92":{"loc":{"start":{"line":1029,"column":14},"end":{"line":1031,"column":15}},"type":"if","locations":[{"start":{"line":1029,"column":14},"end":{"line":1031,"column":15}},{"start":{},"end":{}}]},"93":{"loc":{"start":{"line":1029,"column":18},"end":{"line":1029,"column":55}},"type":"binary-expr","locations":[{"start":{"line":1029,"column":18},"end":{"line":1029,"column":28}},{"start":{"line":1029,"column":32},"end":{"line":1029,"column":55}}]},"94":{"loc":{"start":{"line":1037,"column":14},"end":{"line":1042,"column":15}},"type":"if","locations":[{"start":{"line":1037,"column":14},"end":{"line":1042,"column":15}},{"start":{},"end":{}}]},"95":{"loc":{"start":{"line":1053,"column":25},"end":{"line":1053,"column":50}},"type":"binary-expr","locations":[{"start":{"line":1053,"column":25},"end":{"line":1053,"column":42}},{"start":{"line":1053,"column":46},"end":{"line":1053,"column":50}}]},"96":{"loc":{"start":{"line":1054,"column":37},"end":{"line":1054,"column":74}},"type":"binary-expr","locations":[{"start":{"line":1054,"column":37},"end":{"line":1054,"column":66}},{"start":{"line":1054,"column":70},"end":{"line":1054,"column":74}}]},"97":{"loc":{"start":{"line":1055,"column":34},"end":{"line":1055,"column":68}},"type":"binary-expr","locations":[{"start":{"line":1055,"column":34},"end":{"line":1055,"column":60}},{"start":{"line":1055,"column":64},"end":{"line":1055,"column":68}}]},"98":{"loc":{"start":{"line":1063,"column":14},"end":{"line":1068,"column":15}},"type":"if","locations":[{"start":{"line":1063,"column":14},"end":{"line":1068,"column":15}},{"start":{"line":1066,"column":21},"end":{"line":1068,"column":15}}]},"99":{"loc":{"start":{"line":1067,"column":62},"end":{"line":1067,"column":138}},"type":"cond-expr","locations":[{"start":{"line":1067,"column":97},"end":{"line":1067,"column":120}},{"start":{"line":1067,"column":123},"end":{"line":1067,"column":138}}]},"100":{"loc":{"start":{"line":1091,"column":14},"end":{"line":1093,"column":15}},"type":"if","locations":[{"start":{"line":1091,"column":14},"end":{"line":1093,"column":15}},{"start":{},"end":{}}]},"101":{"loc":{"start":{"line":1096,"column":14},"end":{"line":1100,"column":15}},"type":"if","locations":[{"start":{"line":1096,"column":14},"end":{"line":1100,"column":15}},{"start":{},"end":{}}]},"102":{"loc":{"start":{"line":1105,"column":14},"end":{"line":1112,"column":15}},"type":"if","locations":[{"start":{"line":1105,"column":14},"end":{"line":1112,"column":15}},{"start":{},"end":{}}]},"103":{"loc":{"start":{"line":1115,"column":90},"end":{"line":1115,"column":158}},"type":"cond-expr","locations":[{"start":{"line":1115,"column":121},"end":{"line":1115,"column":140}},{"start":{"line":1115,"column":143},"end":{"line":1115,"column":158}}]},"104":{"loc":{"start":{"line":1122,"column":12},"end":{"line":1125,"column":13}},"type":"if","locations":[{"start":{"line":1122,"column":12},"end":{"line":1125,"column":13}},{"start":{},"end":{}}]}},"s":{"0":1,"1":1,"2":1,"3":1,"4":1,"5":1,"6":1,"7":0,"8":0,"9":0,"10":0,"11":1,"12":4,"13":0,"14":4,"15":1,"16":2,"17":1,"18":1,"19":2,"20":1,"21":1,"22":4,"23":4,"24":1,"25":1,"26":1,"27":3,"28":3,"29":1,"30":1,"31":1,"32":2,"33":2,"34":2,"35":1,"36":1,"37":1,"38":1,"39":1,"40":2,"41":0,"42":0,"43":0,"44":0,"45":0,"46":2,"47":0,"48":0,"49":0,"50":0,"51":0,"52":2,"53":2,"54":2,"55":2,"56":2,"57":1,"58":1,"59":1,"60":1,"61":0,"62":1,"63":1,"64":2,"65":1,"66":1,"67":0,"68":0,"69":0,"70":0,"71":0,"72":0,"73":0,"74":0,"75":0,"76":0,"77":0,"78":1,"79":1,"80":0,"81":1,"82":1,"83":0,"84":1,"85":1,"86":0,"87":0,"88":0,"89":0,"90":0,"91":0,"92":0,"93":0,"94":0,"95":0,"96":0,"97":1,"98":1,"99":0,"100":1,"101":1,"102":0,"103":1,"104":1,"105":0,"106":0,"107":0,"108":0,"109":0,"110":0,"111":1,"112":1,"113":0,"114":0,"115":0,"116":0,"117":0,"118":0,"119":1,"120":1,"121":0,"122":0,"123":0,"124":1,"125":1,"126":0,"127":1,"128":1,"129":0,"130":0,"131":0,"132":0,"133":0,"134":0,"135":0,"136":1,"137":1,"138":0,"139":0,"140":0,"141":0,"142":0,"143":0,"144":0,"145":0,"146":0,"147":0,"148":0,"149":0,"150":0,"151":1,"152":1,"153":0,"154":0,"155":0,"156":0,"157":0,"158":1,"159":1,"160":0,"161":1,"162":1,"163":0,"164":0,"165":0,"166":0,"167":1,"168":1,"169":0,"170":0,"171":0,"172":1,"173":1,"174":0,"175":1,"176":1,"177":0,"178":0,"179":0,"180":0,"181":1,"182":1,"183":0,"184":0,"185":0,"186":1,"187":1,"188":0,"189":1,"190":1,"191":0,"192":0,"193":0,"194":0,"195":0,"196":0,"197":0,"198":0,"199":0,"200":0,"201":0,"202":0,"203":0,"204":0,"205":0,"206":0,"207":0,"208":0,"209":0,"210":0,"211":1,"212":1,"213":0,"214":0,"215":0,"216":0,"217":0,"218":0,"219":0,"220":0,"221":0,"222":0,"223":0,"224":0,"225":0,"226":0,"227":0,"228":0,"229":0,"230":0,"231":1,"232":1,"233":0,"234":0,"235":0,"236":0,"237":0,"238":0,"239":0,"240":0,"241":0,"242":0,"243":0,"244":0,"245":0,"246":0,"247":0,"248":0,"249":0,"250":0,"251":0,"252":0,"253":0,"254":0,"255":0,"256":0,"257":0,"258":0,"259":0,"260":0,"261":0,"262":0,"263":0,"264":0,"265":0,"266":0,"267":0,"268":0,"269":0,"270":0,"271":0,"272":0,"273":0,"274":0,"275":0,"276":0,"277":0,"278":0,"279":0,"280":0,"281":0,"282":0,"283":0,"284":0,"285":0,"286":0,"287":0,"288":0,"289":0,"290":0,"291":0,"292":0,"293":0,"294":0,"295":0,"296":0,"297":0,"298":0,"299":0,"300":0,"301":0,"302":0,"303":0,"304":0,"305":0,"306":0,"307":0,"308":0,"309":0,"310":0,"311":0,"312":0,"313":0,"314":0,"315":0,"316":0,"317":0,"318":0,"319":0,"320":0,"321":0,"322":0,"323":1},"f":{"0":0,"1":0,"2":0,"3":0,"4":4,"5":2,"6":2,"7":4,"8":2,"9":2,"10":0,"11":0,"12":0,"13":0,"14":0,"15":0,"16":0,"17":0,"18":0,"19":0,"20":0,"21":0,"22":0,"23":0,"24":0,"25":0,"26":0,"27":0,"28":0,"29":0,"30":0,"31":0,"32":0,"33":0,"34":0,"35":0,"36":0,"37":0,"38":0,"39":0,"40":0},"b":{"0":[0,4],"1":[4,4],"2":[1,3],"3":[1,2],"4":[0,2],"5":[2,2],"6":[0,2],"7":[2,2],"8":[0,2],"9":[2,2],"10":[0,2],"11":[2,2],"12":[0,2],"13":[2,2],"14":[1,0],"15":[0,2],"16":[0,0],"17":[0,2],"18":[0,0],"19":[2,2],"20":[2,0],"21":[2,0],"22":[2,0],"23":[2,0],"24":[2,2],"25":[2,0],"26":[2,0],"27":[2,0],"28":[2,0],"29":[2,0],"30":[2,0],"31":[2,0],"32":[2,0],"33":[2,0],"34":[1,0],"35":[1,0],"36":[0,0],"37":[0,0],"38":[0,0],"39":[0,0],"40":[0,0],"41":[0,0],"42":[0],"43":[0],"44":[0,0],"45":[0,0],"46":[0,0],"47":[0,0],"48":[0,0],"49":[0,0],"50":[0,0],"51":[0,0],"52":[0,0],"53":[0,0],"54":[0],"55":[0],"56":[0,0],"57":[0],"58":[0],"59":[0],"60":[0],"61":[0,0],"62":[0],"63":[0],"64":[0,0],"65":[0,0],"66":[0,0],"67":[0,0],"68":[0,0],"69":[0,0],"70":[0,0],"71":[0,0],"72":[0,0],"73":[0,0],"74":[0,0],"75":[0,0],"76":[0,0],"77":[0,0],"78":[0,0],"79":[0,0],"80":[0,0],"81":[0,0],"82":[0,0],"83":[0,0],"84":[0,0],"85":[0,0],"86":[0,0],"87":[0,0],"88":[0,0],"89":[0,0],"90":[0,0],"91":[0,0],"92":[0,0],"93":[0,0],"94":[0,0],"95":[0,0],"96":[0,0],"97":[0,0],"98":[0,0],"99":[0,0],"100":[0,0],"101":[0,0],"102":[0,0],"103":[0,0],"104":[0,0]}}
,"D:\\my-code\\1_home\\leksikon-proj\\leksikon-be-2\\src\\services\\public\\search.service.ts": {"path":"D:\\my-code\\1_home\\leksikon-proj\\leksikon-be-2\\src\\services\\public\\search.service.ts","statementMap":{"0":{"start":{"line":1,"column":0},"end":{"line":1,"column":45}},"1":{"start":{"line":4,"column":30},"end":{"line":62,"column":1}},"2":{"start":{"line":5,"column":15},"end":{"line":5,"column":33}},"3":{"start":{"line":6,"column":21},"end":{"line":6,"column":40}},"4":{"start":{"line":8,"column":33},"end":{"line":53,"column":4}},"5":{"start":{"line":55,"column":2},"end":{"line":61,"column":4}},"6":{"start":{"line":4,"column":13},"end":{"line":4,"column":30}},"7":{"start":{"line":65,"column":28},"end":{"line":165,"column":1}},"8":{"start":{"line":71,"column":21},"end":{"line":71,"column":40}},"9":{"start":{"line":74,"column":31},"end":{"line":74,"column":33}},"10":{"start":{"line":76,"column":2},"end":{"line":78,"column":3}},"11":{"start":{"line":77,"column":4},"end":{"line":77,"column":51}},"12":{"start":{"line":80,"column":2},"end":{"line":82,"column":3}},"13":{"start":{"line":81,"column":4},"end":{"line":81,"column":49}},"14":{"start":{"line":85,"column":26},"end":{"line":114,"column":4}},"15":{"start":{"line":117,"column":33},"end":{"line":117,"column":35}},"16":{"start":{"line":118,"column":2},"end":{"line":133,"column":3}},"17":{"start":{"line":119,"column":4},"end":{"line":132,"column":7}},"18":{"start":{"line":136,"column":30},"end":{"line":136,"column":32}},"19":{"start":{"line":137,"column":2},"end":{"line":157,"column":3}},"20":{"start":{"line":138,"column":4},"end":{"line":156,"column":7}},"21":{"start":{"line":159,"column":2},"end":{"line":164,"column":4}},"22":{"start":{"line":65,"column":13},"end":{"line":65,"column":28}},"23":{"start":{"line":168,"column":31},"end":{"line":200,"column":1}},"24":{"start":{"line":169,"column":21},"end":{"line":169,"column":40}},"25":{"start":{"line":171,"column":2},"end":{"line":199,"column":5}},"26":{"start":{"line":168,"column":13},"end":{"line":168,"column":31}},"27":{"start":{"line":203,"column":30},"end":{"line":279,"column":1}},"28":{"start":{"line":211,"column":31},"end":{"line":211,"column":33}},"29":{"start":{"line":214,"column":30},"end":{"line":214,"column":32}},"30":{"start":{"line":216,"column":2},"end":{"line":222,"column":3}},"31":{"start":{"line":217,"column":4},"end":{"line":221,"column":6}},"32":{"start":{"line":224,"column":2},"end":{"line":231,"column":3}},"33":{"start":{"line":225,"column":4},"end":{"line":230,"column":6}},"34":{"start":{"line":233,"column":2},"end":{"line":235,"column":3}},"35":{"start":{"line":234,"column":4},"end":{"line":234,"column":38}},"36":{"start":{"line":238,"column":2},"end":{"line":240,"column":3}},"37":{"start":{"line":239,"column":4},"end":{"line":239,"column":44}},"38":{"start":{"line":242,"column":2},"end":{"line":249,"column":3}},"39":{"start":{"line":244,"column":4},"end":{"line":248,"column":6}},"40":{"start":{"line":251,"column":2},"end":{"line":256,"column":3}},"41":{"start":{"line":253,"column":4},"end":{"line":255,"column":6}},"42":{"start":{"line":258,"column":2},"end":{"line":260,"column":3}},"43":{"start":{"line":259,"column":4},"end":{"line":259,"column":43}},"44":{"start":{"line":262,"column":2},"end":{"line":278,"column":5}},"45":{"start":{"line":203,"column":13},"end":{"line":203,"column":30}},"46":{"start":{"line":282,"column":43},"end":{"line":318,"column":1}},"47":{"start":{"line":283,"column":21},"end":{"line":283,"column":40}},"48":{"start":{"line":285,"column":2},"end":{"line":317,"column":5}},"49":{"start":{"line":282,"column":13},"end":{"line":282,"column":43}},"50":{"start":{"line":321,"column":39},"end":{"line":355,"column":1}},"51":{"start":{"line":322,"column":21},"end":{"line":322,"column":40}},"52":{"start":{"line":324,"column":2},"end":{"line":354,"column":5}},"53":{"start":{"line":321,"column":13},"end":{"line":321,"column":39}},"54":{"start":{"line":358,"column":40},"end":{"line":406,"column":1}},"55":{"start":{"line":359,"column":21},"end":{"line":359,"column":40}},"56":{"start":{"line":362,"column":18},"end":{"line":371,"column":4}},"57":{"start":{"line":373,"column":20},"end":{"line":373,"column":48}},"58":{"start":{"line":373,"column":37},"end":{"line":373,"column":47}},"59":{"start":{"line":375,"column":2},"end":{"line":405,"column":5}},"60":{"start":{"line":358,"column":13},"end":{"line":358,"column":40}},"61":{"start":{"line":409,"column":37},"end":{"line":506,"column":1}},"62":{"start":{"line":410,"column":21},"end":{"line":410,"column":40}},"63":{"start":{"line":412,"column":30},"end":{"line":412,"column":32}},"64":{"start":{"line":413,"column":51},"end":{"line":413,"column":53}},"65":{"start":{"line":415,"column":2},"end":{"line":454,"column":3}},"66":{"start":{"line":417,"column":30},"end":{"line":433,"column":6}},"67":{"start":{"line":436,"column":4},"end":{"line":453,"column":5}},"68":{"start":{"line":438,"column":25},"end":{"line":440,"column":33}},"69":{"start":{"line":440,"column":19},"end":{"line":440,"column":32}},"70":{"start":{"line":442,"column":6},"end":{"line":445,"column":7}},"71":{"start":{"line":444,"column":8},"end":{"line":444,"column":74}},"72":{"start":{"line":447,"column":6},"end":{"line":452,"column":9}},"73":{"start":{"line":456,"column":2},"end":{"line":499,"column":3}},"74":{"start":{"line":458,"column":28},"end":{"line":480,"column":6}},"75":{"start":{"line":483,"column":4},"end":{"line":498,"column":5}},"76":{"start":{"line":484,"column":25},"end":{"line":486,"column":40}},"77":{"start":{"line":488,"column":6},"end":{"line":494,"column":9}},"78":{"start":{"line":497,"column":6},"end":{"line":497,"column":67}},"79":{"start":{"line":501,"column":2},"end":{"line":505,"column":4}},"80":{"start":{"line":409,"column":13},"end":{"line":409,"column":37}},"81":{"start":{"line":509,"column":40},"end":{"line":571,"column":1}},"82":{"start":{"line":510,"column":21},"end":{"line":510,"column":40}},"83":{"start":{"line":513,"column":30},"end":{"line":513,"column":32}},"84":{"start":{"line":515,"column":2},"end":{"line":517,"column":3}},"85":{"start":{"line":516,"column":4},"end":{"line":516,"column":86}},"86":{"start":{"line":518,"column":2},"end":{"line":521,"column":3}},"87":{"start":{"line":519,"column":4},"end":{"line":519,"column":90}},"88":{"start":{"line":520,"column":4},"end":{"line":520,"column":88}},"89":{"start":{"line":522,"column":2},"end":{"line":524,"column":3}},"90":{"start":{"line":523,"column":4},"end":{"line":523,"column":94}},"91":{"start":{"line":526,"column":19},"end":{"line":544,"column":4}},"92":{"start":{"line":547,"column":24},"end":{"line":565,"column":4}},"93":{"start":{"line":548,"column":16},"end":{"line":548,"column":17}},"94":{"start":{"line":549,"column":17},"end":{"line":549,"column":57}},"95":{"start":{"line":550,"column":23},"end":{"line":550,"column":100}},"96":{"start":{"line":551,"column":22},"end":{"line":551,"column":70}},"97":{"start":{"line":553,"column":4},"end":{"line":553,"column":74}},"98":{"start":{"line":553,"column":62},"end":{"line":553,"column":74}},"99":{"start":{"line":554,"column":4},"end":{"line":554,"column":85}},"100":{"start":{"line":554,"column":74},"end":{"line":554,"column":85}},"101":{"start":{"line":555,"column":4},"end":{"line":555,"column":83}},"102":{"start":{"line":555,"column":72},"end":{"line":555,"column":83}},"103":{"start":{"line":558,"column":4},"end":{"line":558,"column":68}},"104":{"start":{"line":558,"column":56},"end":{"line":558,"column":68}},"105":{"start":{"line":559,"column":4},"end":{"line":559,"column":132}},"106":{"start":{"line":559,"column":120},"end":{"line":559,"column":132}},"107":{"start":{"line":561,"column":4},"end":{"line":564,"column":6}},"108":{"start":{"line":568,"column":2},"end":{"line":568,"column":68}},"109":{"start":{"line":568,"column":31},"end":{"line":568,"column":66}},"110":{"start":{"line":570,"column":2},"end":{"line":570,"column":39}},"111":{"start":{"line":509,"column":13},"end":{"line":509,"column":40}}},"fnMap":{"0":{"name":"(anonymous_0)","decl":{"start":{"line":4,"column":30},"end":{"line":4,"column":35}},"loc":{"start":{"line":4,"column":92},"end":{"line":62,"column":1}}},"1":{"name":"(anonymous_1)","decl":{"start":{"line":65,"column":28},"end":{"line":65,"column":33}},"loc":{"start":{"line":70,"column":5},"end":{"line":165,"column":1}}},"2":{"name":"(anonymous_2)","decl":{"start":{"line":168,"column":31},"end":{"line":168,"column":36}},"loc":{"start":{"line":168,"column":55},"end":{"line":200,"column":1}}},"3":{"name":"(anonymous_3)","decl":{"start":{"line":203,"column":30},"end":{"line":203,"column":35}},"loc":{"start":{"line":210,"column":5},"end":{"line":279,"column":1}}},"4":{"name":"(anonymous_4)","decl":{"start":{"line":282,"column":43},"end":{"line":282,"column":48}},"loc":{"start":{"line":282,"column":89},"end":{"line":318,"column":1}}},"5":{"name":"(anonymous_5)","decl":{"start":{"line":321,"column":39},"end":{"line":321,"column":44}},"loc":{"start":{"line":321,"column":81},"end":{"line":355,"column":1}}},"6":{"name":"(anonymous_6)","decl":{"start":{"line":358,"column":40},"end":{"line":358,"column":45}},"loc":{"start":{"line":358,"column":83},"end":{"line":406,"column":1}}},"7":{"name":"(anonymous_7)","decl":{"start":{"line":373,"column":32},"end":{"line":373,"column":33}},"loc":{"start":{"line":373,"column":37},"end":{"line":373,"column":47}}},"8":{"name":"(anonymous_8)","decl":{"start":{"line":409,"column":37},"end":{"line":409,"column":42}},"loc":{"start":{"line":409,"column":113},"end":{"line":506,"column":1}}},"9":{"name":"(anonymous_9)","decl":{"start":{"line":440,"column":13},"end":{"line":440,"column":15}},"loc":{"start":{"line":440,"column":19},"end":{"line":440,"column":32}}},"10":{"name":"(anonymous_10)","decl":{"start":{"line":509,"column":40},"end":{"line":509,"column":45}},"loc":{"start":{"line":509,"column":97},"end":{"line":571,"column":1}}},"11":{"name":"(anonymous_11)","decl":{"start":{"line":547,"column":37},"end":{"line":547,"column":44}},"loc":{"start":{"line":547,"column":47},"end":{"line":565,"column":3}}},"12":{"name":"(anonymous_12)","decl":{"start":{"line":568,"column":21},"end":{"line":568,"column":22}},"loc":{"start":{"line":568,"column":31},"end":{"line":568,"column":66}}}},"branchMap":{"0":{"loc":{"start":{"line":4,"column":52},"end":{"line":4,"column":68}},"type":"default-arg","locations":[{"start":{"line":4,"column":67},"end":{"line":4,"column":68}}]},"1":{"loc":{"start":{"line":4,"column":70},"end":{"line":4,"column":88}},"type":"default-arg","locations":[{"start":{"line":4,"column":86},"end":{"line":4,"column":88}}]},"2":{"loc":{"start":{"line":76,"column":2},"end":{"line":78,"column":3}},"type":"if","locations":[{"start":{"line":76,"column":2},"end":{"line":78,"column":3}},{"start":{},"end":{}}]},"3":{"loc":{"start":{"line":76,"column":6},"end":{"line":76,"column":25}},"type":"cond-expr","locations":[{"start":{"line":76,"column":13},"end":{"line":76,"column":15}},{"start":{"line":76,"column":6},"end":{"line":76,"column":25}}]},"4":{"loc":{"start":{"line":76,"column":6},"end":{"line":76,"column":15}},"type":"binary-expr","locations":[{"start":{"line":76,"column":6},"end":{"line":76,"column":15}},{"start":{"line":76,"column":6},"end":{"line":76,"column":15}}]},"5":{"loc":{"start":{"line":80,"column":2},"end":{"line":82,"column":3}},"type":"if","locations":[{"start":{"line":80,"column":2},"end":{"line":82,"column":3}},{"start":{},"end":{}}]},"6":{"loc":{"start":{"line":80,"column":6},"end":{"line":80,"column":24}},"type":"cond-expr","locations":[{"start":{"line":80,"column":13},"end":{"line":80,"column":15}},{"start":{"line":80,"column":6},"end":{"line":80,"column":24}}]},"7":{"loc":{"start":{"line":80,"column":6},"end":{"line":80,"column":15}},"type":"binary-expr","locations":[{"start":{"line":80,"column":6},"end":{"line":80,"column":15}},{"start":{"line":80,"column":6},"end":{"line":80,"column":15}}]},"8":{"loc":{"start":{"line":118,"column":2},"end":{"line":133,"column":3}},"type":"if","locations":[{"start":{"line":118,"column":2},"end":{"line":133,"column":3}},{"start":{},"end":{}}]},"9":{"loc":{"start":{"line":118,"column":6},"end":{"line":118,"column":53}},"type":"binary-expr","locations":[{"start":{"line":118,"column":6},"end":{"line":118,"column":24}},{"start":{"line":118,"column":24},"end":{"line":118,"column":53}}]},"10":{"loc":{"start":{"line":118,"column":7},"end":{"line":118,"column":20}},"type":"cond-expr","locations":[{"start":{"line":118,"column":14},"end":{"line":118,"column":16}},{"start":{"line":118,"column":7},"end":{"line":118,"column":20}}]},"11":{"loc":{"start":{"line":118,"column":7},"end":{"line":118,"column":16}},"type":"binary-expr","locations":[{"start":{"line":118,"column":7},"end":{"line":118,"column":16}},{"start":{"line":118,"column":7},"end":{"line":118,"column":16}}]},"12":{"loc":{"start":{"line":121,"column":12},"end":{"line":121,"column":68}},"type":"binary-expr","locations":[{"start":{"line":121,"column":12},"end":{"line":121,"column":31}},{"start":{"line":121,"column":35},"end":{"line":121,"column":68}}]},"13":{"loc":{"start":{"line":121,"column":12},"end":{"line":121,"column":31}},"type":"cond-expr","locations":[{"start":{"line":121,"column":19},"end":{"line":121,"column":21}},{"start":{"line":121,"column":12},"end":{"line":121,"column":31}}]},"14":{"loc":{"start":{"line":121,"column":12},"end":{"line":121,"column":21}},"type":"binary-expr","locations":[{"start":{"line":121,"column":12},"end":{"line":121,"column":21}},{"start":{"line":121,"column":12},"end":{"line":121,"column":21}}]},"15":{"loc":{"start":{"line":137,"column":2},"end":{"line":157,"column":3}},"type":"if","locations":[{"start":{"line":137,"column":2},"end":{"line":157,"column":3}},{"start":{},"end":{}}]},"16":{"loc":{"start":{"line":137,"column":6},"end":{"line":137,"column":50}},"type":"binary-expr","locations":[{"start":{"line":137,"column":6},"end":{"line":137,"column":24}},{"start":{"line":137,"column":24},"end":{"line":137,"column":50}}]},"17":{"loc":{"start":{"line":137,"column":7},"end":{"line":137,"column":20}},"type":"cond-expr","locations":[{"start":{"line":137,"column":14},"end":{"line":137,"column":16}},{"start":{"line":137,"column":7},"end":{"line":137,"column":20}}]},"18":{"loc":{"start":{"line":137,"column":7},"end":{"line":137,"column":16}},"type":"binary-expr","locations":[{"start":{"line":137,"column":7},"end":{"line":137,"column":16}},{"start":{"line":137,"column":7},"end":{"line":137,"column":16}}]},"19":{"loc":{"start":{"line":216,"column":2},"end":{"line":222,"column":3}},"type":"if","locations":[{"start":{"line":216,"column":2},"end":{"line":222,"column":3}},{"start":{},"end":{}}]},"20":{"loc":{"start":{"line":224,"column":2},"end":{"line":231,"column":3}},"type":"if","locations":[{"start":{"line":224,"column":2},"end":{"line":231,"column":3}},{"start":{},"end":{}}]},"21":{"loc":{"start":{"line":233,"column":2},"end":{"line":235,"column":3}},"type":"if","locations":[{"start":{"line":233,"column":2},"end":{"line":235,"column":3}},{"start":{},"end":{}}]},"22":{"loc":{"start":{"line":238,"column":2},"end":{"line":240,"column":3}},"type":"if","locations":[{"start":{"line":238,"column":2},"end":{"line":240,"column":3}},{"start":{},"end":{}}]},"23":{"loc":{"start":{"line":242,"column":2},"end":{"line":249,"column":3}},"type":"if","locations":[{"start":{"line":242,"column":2},"end":{"line":249,"column":3}},{"start":{},"end":{}}]},"24":{"loc":{"start":{"line":251,"column":2},"end":{"line":256,"column":3}},"type":"if","locations":[{"start":{"line":251,"column":2},"end":{"line":256,"column":3}},{"start":{},"end":{}}]},"25":{"loc":{"start":{"line":258,"column":2},"end":{"line":260,"column":3}},"type":"if","locations":[{"start":{"line":258,"column":2},"end":{"line":260,"column":3}},{"start":{},"end":{}}]},"26":{"loc":{"start":{"line":409,"column":59},"end":{"line":409,"column":109}},"type":"default-arg","locations":[{"start":{"line":409,"column":104},"end":{"line":409,"column":109}}]},"27":{"loc":{"start":{"line":415,"column":2},"end":{"line":454,"column":3}},"type":"if","locations":[{"start":{"line":415,"column":2},"end":{"line":454,"column":3}},{"start":{},"end":{}}]},"28":{"loc":{"start":{"line":415,"column":6},"end":{"line":415,"column":53}},"type":"binary-expr","locations":[{"start":{"line":415,"column":6},"end":{"line":415,"column":31}},{"start":{"line":415,"column":35},"end":{"line":415,"column":53}}]},"29":{"loc":{"start":{"line":442,"column":6},"end":{"line":445,"column":7}},"type":"if","locations":[{"start":{"line":442,"column":6},"end":{"line":445,"column":7}},{"start":{},"end":{}}]},"30":{"loc":{"start":{"line":456,"column":2},"end":{"line":499,"column":3}},"type":"if","locations":[{"start":{"line":456,"column":2},"end":{"line":499,"column":3}},{"start":{},"end":{}}]},"31":{"loc":{"start":{"line":456,"column":6},"end":{"line":456,"column":50}},"type":"binary-expr","locations":[{"start":{"line":456,"column":6},"end":{"line":456,"column":28}},{"start":{"line":456,"column":32},"end":{"line":456,"column":50}}]},"32":{"loc":{"start":{"line":484,"column":25},"end":{"line":486,"column":40}},"type":"binary-expr","locations":[{"start":{"line":484,"column":25},"end":{"line":484,"column":80}},{"start":{"line":485,"column":24},"end":{"line":485,"column":85}},{"start":{"line":486,"column":24},"end":{"line":486,"column":40}}]},"33":{"loc":{"start":{"line":484,"column":25},"end":{"line":484,"column":80}},"type":"cond-expr","locations":[{"start":{"line":484,"column":64},"end":{"line":484,"column":66}},{"start":{"line":484,"column":64},"end":{"line":484,"column":80}}]},"34":{"loc":{"start":{"line":484,"column":25},"end":{"line":484,"column":66}},"type":"binary-expr","locations":[{"start":{"line":484,"column":25},"end":{"line":484,"column":66}},{"start":{"line":484,"column":64},"end":{"line":484,"column":66}}]},"35":{"loc":{"start":{"line":484,"column":25},"end":{"line":484,"column":64}},"type":"cond-expr","locations":[{"start":{"line":484,"column":52},"end":{"line":484,"column":54}},{"start":{"line":484,"column":52},"end":{"line":484,"column":64}}]},"36":{"loc":{"start":{"line":484,"column":25},"end":{"line":484,"column":54}},"type":"binary-expr","locations":[{"start":{"line":484,"column":25},"end":{"line":484,"column":54}},{"start":{"line":484,"column":52},"end":{"line":484,"column":54}}]},"37":{"loc":{"start":{"line":485,"column":24},"end":{"line":485,"column":85}},"type":"cond-expr","locations":[{"start":{"line":485,"column":72},"end":{"line":485,"column":74}},{"start":{"line":485,"column":72},"end":{"line":485,"column":85}}]},"38":{"loc":{"start":{"line":485,"column":24},"end":{"line":485,"column":74}},"type":"binary-expr","locations":[{"start":{"line":485,"column":24},"end":{"line":485,"column":74}},{"start":{"line":485,"column":72},"end":{"line":485,"column":74}}]},"39":{"loc":{"start":{"line":485,"column":24},"end":{"line":485,"column":72}},"type":"cond-expr","locations":[{"start":{"line":485,"column":63},"end":{"line":485,"column":65}},{"start":{"line":485,"column":63},"end":{"line":485,"column":72}}]},"40":{"loc":{"start":{"line":485,"column":24},"end":{"line":485,"column":65}},"type":"binary-expr","locations":[{"start":{"line":485,"column":24},"end":{"line":485,"column":65}},{"start":{"line":485,"column":63},"end":{"line":485,"column":65}}]},"41":{"loc":{"start":{"line":485,"column":24},"end":{"line":485,"column":63}},"type":"cond-expr","locations":[{"start":{"line":485,"column":51},"end":{"line":485,"column":53}},{"start":{"line":485,"column":51},"end":{"line":485,"column":63}}]},"42":{"loc":{"start":{"line":485,"column":24},"end":{"line":485,"column":53}},"type":"binary-expr","locations":[{"start":{"line":485,"column":24},"end":{"line":485,"column":53}},{"start":{"line":485,"column":51},"end":{"line":485,"column":53}}]},"43":{"loc":{"start":{"line":490,"column":20},"end":{"line":490,"column":94}},"type":"binary-expr","locations":[{"start":{"line":490,"column":20},"end":{"line":490,"column":44}},{"start":{"line":490,"column":48},"end":{"line":490,"column":70}},{"start":{"line":490,"column":74},"end":{"line":490,"column":94}}]},"44":{"loc":{"start":{"line":515,"column":2},"end":{"line":517,"column":3}},"type":"if","locations":[{"start":{"line":515,"column":2},"end":{"line":517,"column":3}},{"start":{},"end":{}}]},"45":{"loc":{"start":{"line":518,"column":2},"end":{"line":521,"column":3}},"type":"if","locations":[{"start":{"line":518,"column":2},"end":{"line":521,"column":3}},{"start":{},"end":{}}]},"46":{"loc":{"start":{"line":522,"column":2},"end":{"line":524,"column":3}},"type":"if","locations":[{"start":{"line":522,"column":2},"end":{"line":524,"column":3}},{"start":{},"end":{}}]},"47":{"loc":{"start":{"line":549,"column":17},"end":{"line":549,"column":57}},"type":"binary-expr","locations":[{"start":{"line":549,"column":17},"end":{"line":549,"column":51}},{"start":{"line":549,"column":55},"end":{"line":549,"column":57}}]},"48":{"loc":{"start":{"line":549,"column":17},"end":{"line":549,"column":51}},"type":"cond-expr","locations":[{"start":{"line":549,"column":36},"end":{"line":549,"column":38}},{"start":{"line":549,"column":36},"end":{"line":549,"column":51}}]},"49":{"loc":{"start":{"line":549,"column":17},"end":{"line":549,"column":38}},"type":"binary-expr","locations":[{"start":{"line":549,"column":17},"end":{"line":549,"column":38}},{"start":{"line":549,"column":36},"end":{"line":549,"column":38}}]},"50":{"loc":{"start":{"line":550,"column":23},"end":{"line":550,"column":100}},"type":"binary-expr","locations":[{"start":{"line":550,"column":23},"end":{"line":550,"column":94}},{"start":{"line":550,"column":98},"end":{"line":550,"column":100}}]},"51":{"loc":{"start":{"line":550,"column":23},"end":{"line":550,"column":94}},"type":"cond-expr","locations":[{"start":{"line":550,"column":79},"end":{"line":550,"column":81}},{"start":{"line":550,"column":79},"end":{"line":550,"column":94}}]},"52":{"loc":{"start":{"line":550,"column":23},"end":{"line":550,"column":81}},"type":"binary-expr","locations":[{"start":{"line":550,"column":23},"end":{"line":550,"column":81}},{"start":{"line":550,"column":79},"end":{"line":550,"column":81}}]},"53":{"loc":{"start":{"line":550,"column":24},"end":{"line":550,"column":78}},"type":"binary-expr","locations":[{"start":{"line":550,"column":24},"end":{"line":550,"column":47}},{"start":{"line":550,"column":51},"end":{"line":550,"column":72}},{"start":{"line":550,"column":76},"end":{"line":550,"column":78}}]},"54":{"loc":{"start":{"line":551,"column":22},"end":{"line":551,"column":70}},"type":"binary-expr","locations":[{"start":{"line":551,"column":22},"end":{"line":551,"column":64}},{"start":{"line":551,"column":68},"end":{"line":551,"column":70}}]},"55":{"loc":{"start":{"line":551,"column":22},"end":{"line":551,"column":64}},"type":"cond-expr","locations":[{"start":{"line":551,"column":49},"end":{"line":551,"column":51}},{"start":{"line":551,"column":49},"end":{"line":551,"column":64}}]},"56":{"loc":{"start":{"line":551,"column":22},"end":{"line":551,"column":51}},"type":"binary-expr","locations":[{"start":{"line":551,"column":22},"end":{"line":551,"column":51}},{"start":{"line":551,"column":49},"end":{"line":551,"column":51}}]},"57":{"loc":{"start":{"line":553,"column":4},"end":{"line":553,"column":74}},"type":"if","locations":[{"start":{"line":553,"column":4},"end":{"line":553,"column":74}},{"start":{},"end":{}}]},"58":{"loc":{"start":{"line":553,"column":8},"end":{"line":553,"column":60}},"type":"binary-expr","locations":[{"start":{"line":553,"column":8},"end":{"line":553,"column":31}},{"start":{"line":553,"column":35},"end":{"line":553,"column":60}}]},"59":{"loc":{"start":{"line":554,"column":4},"end":{"line":554,"column":85}},"type":"if","locations":[{"start":{"line":554,"column":4},"end":{"line":554,"column":85}},{"start":{},"end":{}}]},"60":{"loc":{"start":{"line":554,"column":8},"end":{"line":554,"column":72}},"type":"binary-expr","locations":[{"start":{"line":554,"column":8},"end":{"line":554,"column":37}},{"start":{"line":554,"column":41},"end":{"line":554,"column":72}}]},"61":{"loc":{"start":{"line":555,"column":4},"end":{"line":555,"column":83}},"type":"if","locations":[{"start":{"line":555,"column":4},"end":{"line":555,"column":83}},{"start":{},"end":{}}]},"62":{"loc":{"start":{"line":555,"column":8},"end":{"line":555,"column":70}},"type":"binary-expr","locations":[{"start":{"line":555,"column":8},"end":{"line":555,"column":36}},{"start":{"line":555,"column":40},"end":{"line":555,"column":70}}]},"63":{"loc":{"start":{"line":558,"column":4},"end":{"line":558,"column":68}},"type":"if","locations":[{"start":{"line":558,"column":4},"end":{"line":558,"column":68}},{"start":{},"end":{}}]},"64":{"loc":{"start":{"line":558,"column":8},"end":{"line":558,"column":54}},"type":"binary-expr","locations":[{"start":{"line":558,"column":8},"end":{"line":558,"column":31}},{"start":{"line":558,"column":35},"end":{"line":558,"column":54}}]},"65":{"loc":{"start":{"line":559,"column":4},"end":{"line":559,"column":132}},"type":"if","locations":[{"start":{"line":559,"column":4},"end":{"line":559,"column":132}},{"start":{},"end":{}}]},"66":{"loc":{"start":{"line":559,"column":8},"end":{"line":559,"column":118}},"type":"binary-expr","locations":[{"start":{"line":559,"column":8},"end":{"line":559,"column":37}},{"start":{"line":559,"column":41},"end":{"line":559,"column":72}},{"start":{"line":559,"column":76},"end":{"line":559,"column":118}}]}},"s":{"0":1,"1":1,"2":3,"3":3,"4":3,"5":2,"6":1,"7":1,"8":2,"9":2,"10":2,"11":1,"12":2,"13":1,"14":2,"15":2,"16":2,"17":2,"18":2,"19":2,"20":2,"21":2,"22":1,"23":1,"24":2,"25":2,"26":1,"27":1,"28":2,"29":2,"30":2,"31":2,"32":2,"33":1,"34":2,"35":2,"36":2,"37":1,"38":2,"39":1,"40":2,"41":1,"42":2,"43":1,"44":2,"45":1,"46":1,"47":0,"48":0,"49":1,"50":1,"51":0,"52":0,"53":1,"54":1,"55":0,"56":0,"57":0,"58":0,"59":0,"60":1,"61":1,"62":0,"63":0,"64":0,"65":0,"66":0,"67":0,"68":0,"69":0,"70":0,"71":0,"72":0,"73":0,"74":0,"75":0,"76":0,"77":0,"78":0,"79":0,"80":1,"81":1,"82":0,"83":0,"84":0,"85":0,"86":0,"87":0,"88":0,"89":0,"90":0,"91":0,"92":0,"93":0,"94":0,"95":0,"96":0,"97":0,"98":0,"99":0,"100":0,"101":0,"102":0,"103":0,"104":0,"105":0,"106":0,"107":0,"108":0,"109":0,"110":0,"111":1},"f":{"0":3,"1":2,"2":2,"3":2,"4":0,"5":0,"6":0,"7":0,"8":0,"9":0,"10":0,"11":0,"12":0},"b":{"0":[1],"1":[1],"2":[1,1],"3":[1,1],"4":[2,2],"5":[1,1],"6":[1,1],"7":[2,2],"8":[2,0],"9":[2,0],"10":[1,1],"11":[2,2],"12":[2,1],"13":[1,1],"14":[2,2],"15":[2,0],"16":[2,0],"17":[1,1],"18":[2,2],"19":[2,0],"20":[1,1],"21":[2,0],"22":[1,1],"23":[1,1],"24":[1,1],"25":[1,1],"26":[0],"27":[0,0],"28":[0,0],"29":[0,0],"30":[0,0],"31":[0,0],"32":[0,0,0],"33":[0,0],"34":[0,0],"35":[0,0],"36":[0,0],"37":[0,0],"38":[0,0],"39":[0,0],"40":[0,0],"41":[0,0],"42":[0,0],"43":[0,0,0],"44":[0,0],"45":[0,0],"46":[0,0],"47":[0,0],"48":[0,0],"49":[0,0],"50":[0,0],"51":[0,0],"52":[0,0],"53":[0,0,0],"54":[0,0],"55":[0,0],"56":[0,0],"57":[0,0],"58":[0,0],"59":[0,0],"60":[0,0],"61":[0,0],"62":[0,0],"63":[0,0],"64":[0,0],"65":[0,0],"66":[0,0,0]}}
}
