TN:
SF:src\services\admin\admin.service.ts
FN:11,(anonymous_0)
FN:72,(anonymous_1)
FN:123,(anonymous_2)
FN:146,(anonymous_3)
FN:162,(anonymous_4)
FN:170,(anonymous_5)
FN:217,(anonymous_6)
FNF:7
FNH:1
FNDA:0,(anonymous_0)
FNDA:4,(anonymous_1)
FNDA:0,(anonymous_2)
FNDA:0,(anonymous_3)
FNDA:0,(anonymous_4)
FNDA:0,(anonymous_5)
FNDA:0,(anonymous_6)
DA:1,1
DA:3,1
DA:4,1
DA:5,1
DA:6,1
DA:8,1
DA:9,1
DA:11,1
DA:13,0
DA:22,0
DA:23,0
DA:24,0
DA:25,0
DA:26,0
DA:28,0
DA:29,0
DA:30,0
DA:31,0
DA:36,0
DA:37,0
DA:39,0
DA:40,0
DA:58,0
DA:60,0
DA:62,0
DA:63,0
DA:64,0
DA:65,0
DA:68,0
DA:72,1
DA:74,4
DA:78,4
DA:79,1
DA:80,1
DA:81,1
DA:84,3
DA:85,1
DA:86,1
DA:87,1
DA:91,2
DA:92,2
DA:93,1
DA:94,1
DA:95,1
DA:99,1
DA:110,1
DA:123,1
DA:124,0
DA:137,0
DA:138,0
DA:139,0
DA:140,0
DA:143,0
DA:146,1
DA:147,0
DA:159,0
DA:162,1
DA:164,0
DA:165,0
DA:170,0
DA:175,0
DA:176,0
DA:177,0
DA:178,0
DA:179,0
DA:181,0
DA:182,0
DA:183,0
DA:184,0
DA:189,0
DA:190,0
DA:204,0
DA:206,0
DA:207,0
DA:208,0
DA:209,0
DA:210,0
DA:213,0
DA:217,1
DA:218,0
DA:219,0
DA:221,0
DA:226,0
LF:83
LH:29
BRDA:8,0,0,1
BRDA:8,0,1,1
BRDA:9,1,0,1
BRDA:9,1,1,1
BRDA:22,2,0,0
BRDA:22,2,1,0
BRDA:23,3,0,0
BRDA:23,3,1,0
BRDA:28,4,0,0
BRDA:28,4,1,0
BRDA:45,5,0,0
BRDA:45,5,1,0
BRDA:46,6,0,0
BRDA:46,6,1,0
BRDA:46,7,0,0
BRDA:46,7,1,0
BRDA:60,8,0,0
BRDA:60,8,1,0
BRDA:62,9,0,0
BRDA:62,9,1,0
BRDA:78,10,0,1
BRDA:78,10,1,3
BRDA:84,11,0,1
BRDA:84,11,1,2
BRDA:92,12,0,1
BRDA:92,12,1,1
BRDA:137,13,0,0
BRDA:137,13,1,0
BRDA:164,14,0,0
BRDA:164,14,1,0
BRDA:164,15,0,0
BRDA:164,15,1,0
BRDA:168,16,0,0
BRDA:168,16,1,0
BRDA:169,17,0,0
BRDA:169,17,1,0
BRDA:175,18,0,0
BRDA:175,18,1,0
BRDA:176,19,0,0
BRDA:176,19,1,0
BRDA:181,20,0,0
BRDA:181,20,1,0
BRDA:206,21,0,0
BRDA:206,21,1,0
BRDA:207,22,0,0
BRDA:207,22,1,0
BRF:46
BRH:10
end_of_record
TN:
SF:src\services\admin\leksikon.service.ts
FN:67,(anonymous_0)
FN:67,(anonymous_1)
FN:68,(anonymous_2)
FN:68,(anonymous_3)
FN:72,(anonymous_4)
FN:84,(anonymous_5)
FN:95,(anonymous_6)
FN:107,(anonymous_7)
FN:164,(anonymous_8)
FN:232,(anonymous_9)
FN:239,(anonymous_10)
FN:275,(anonymous_11)
FN:281,(anonymous_12)
FN:289,(anonymous_13)
FN:324,(anonymous_14)
FN:330,(anonymous_15)
FN:338,(anonymous_16)
FN:362,(anonymous_17)
FN:384,(anonymous_18)
FN:411,(anonymous_19)
FN:421,(anonymous_20)
FN:452,(anonymous_21)
FN:508,(anonymous_22)
FN:522,(anonymous_23)
FN:542,(anonymous_24)
FN:588,(anonymous_25)
FN:634,(anonymous_26)
FN:651,(anonymous_27)
FN:697,(anonymous_28)
FN:743,(anonymous_29)
FN:760,(anonymous_30)
FN:844,(anonymous_31)
FN:923,(anonymous_32)
FN:956,(anonymous_33)
FN:961,(anonymous_34)
FN:965,(anonymous_35)
FN:990,(anonymous_36)
FN:1064,(anonymous_37)
FN:1092,(anonymous_38)
FN:1106,(anonymous_39)
FN:1139,(anonymous_40)
FNF:41
FNH:6
FNDA:0,(anonymous_0)
FNDA:0,(anonymous_1)
FNDA:0,(anonymous_2)
FNDA:0,(anonymous_3)
FNDA:4,(anonymous_4)
FNDA:2,(anonymous_5)
FNDA:2,(anonymous_6)
FNDA:4,(anonymous_7)
FNDA:2,(anonymous_8)
FNDA:2,(anonymous_9)
FNDA:0,(anonymous_10)
FNDA:0,(anonymous_11)
FNDA:0,(anonymous_12)
FNDA:0,(anonymous_13)
FNDA:0,(anonymous_14)
FNDA:0,(anonymous_15)
FNDA:0,(anonymous_16)
FNDA:0,(anonymous_17)
FNDA:0,(anonymous_18)
FNDA:0,(anonymous_19)
FNDA:0,(anonymous_20)
FNDA:0,(anonymous_21)
FNDA:0,(anonymous_22)
FNDA:0,(anonymous_23)
FNDA:0,(anonymous_24)
FNDA:0,(anonymous_25)
FNDA:0,(anonymous_26)
FNDA:0,(anonymous_27)
FNDA:0,(anonymous_28)
FNDA:0,(anonymous_29)
FNDA:0,(anonymous_30)
FNDA:0,(anonymous_31)
FNDA:0,(anonymous_32)
FNDA:0,(anonymous_33)
FNDA:0,(anonymous_34)
FNDA:0,(anonymous_35)
FNDA:0,(anonymous_36)
FNDA:0,(anonymous_37)
FNDA:0,(anonymous_38)
FNDA:0,(anonymous_39)
FNDA:0,(anonymous_40)
DA:46,1
DA:48,1
DA:49,1
DA:50,1
DA:51,1
DA:52,1
DA:55,1
DA:67,0
DA:68,0
DA:72,1
DA:73,4
DA:74,0
DA:76,4
DA:84,1
DA:85,2
DA:95,1
DA:96,2
DA:107,1
DA:109,4
DA:112,4
DA:113,1
DA:114,1
DA:115,1
DA:119,3
DA:122,3
DA:123,1
DA:124,1
DA:125,1
DA:128,2
DA:129,2
DA:130,2
DA:155,1
DA:157,1
DA:160,1
DA:164,1
DA:166,2
DA:167,0
DA:170,0
DA:171,0
DA:172,0
DA:173,0
DA:176,2
DA:177,0
DA:180,0
DA:181,0
DA:182,0
DA:183,0
DA:187,2
DA:188,2
DA:206,2
DA:207,2
DA:210,2
DA:220,1
DA:222,1
DA:224,1
DA:225,1
DA:228,0
DA:232,1
DA:233,2
DA:239,1
DA:241,0
DA:242,0
DA:243,0
DA:244,0
DA:245,0
DA:248,0
DA:249,0
DA:250,0
DA:251,0
DA:252,0
DA:256,0
DA:275,1
DA:276,0
DA:281,1
DA:282,0
DA:289,1
DA:290,0
DA:291,0
DA:292,0
DA:293,0
DA:294,0
DA:297,0
DA:298,0
DA:299,0
DA:300,0
DA:301,0
DA:305,0
DA:324,1
DA:325,0
DA:330,1
DA:331,0
DA:338,1
DA:344,0
DA:348,0
DA:349,0
DA:350,0
DA:351,0
DA:354,0
DA:362,1
DA:367,0
DA:371,0
DA:372,0
DA:373,0
DA:374,0
DA:377,0
DA:384,1
DA:385,0
DA:387,0
DA:400,0
DA:411,1
DA:412,0
DA:421,1
DA:423,0
DA:424,0
DA:434,0
DA:435,0
DA:436,0
DA:438,0
DA:441,0
DA:452,1
DA:458,0
DA:459,0
DA:460,0
DA:463,0
DA:466,0
DA:467,0
DA:468,0
DA:469,0
DA:470,0
DA:475,0
DA:476,0
DA:479,0
DA:493,0
DA:508,1
DA:509,0
DA:510,0
DA:511,0
DA:512,0
DA:515,0
DA:522,1
DA:523,0
DA:542,1
DA:543,0
DA:545,0
DA:555,0
DA:576,0
DA:588,1
DA:589,0
DA:591,0
DA:622,0
DA:634,1
DA:635,0
DA:651,1
DA:652,0
DA:654,0
DA:664,0
DA:685,0
DA:697,1
DA:698,0
DA:700,0
DA:731,0
DA:743,1
DA:744,0
DA:760,1
DA:767,0
DA:768,0
DA:769,0
DA:771,0
DA:774,0
DA:775,0
DA:776,0
DA:777,0
DA:778,0
DA:783,0
DA:784,0
DA:785,0
DA:786,0
DA:787,0
DA:792,0
DA:795,0
DA:796,0
DA:797,0
DA:801,0
DA:827,0
DA:844,1
DA:851,0
DA:852,0
DA:853,0
DA:855,0
DA:858,0
DA:859,0
DA:860,0
DA:861,0
DA:862,0
DA:867,0
DA:868,0
DA:872,0
DA:873,0
DA:874,0
DA:875,0
DA:876,0
DA:880,0
DA:906,0
DA:923,1
DA:924,0
DA:925,0
DA:927,0
DA:936,0
DA:954,0
DA:956,0
DA:957,0
DA:959,0
DA:962,0
DA:963,0
DA:966,0
DA:967,0
DA:968,0
DA:969,0
DA:972,0
DA:976,0
DA:978,0
DA:979,0
DA:981,0
DA:984,0
DA:987,0
DA:988,0
DA:989,0
DA:990,0
DA:992,0
DA:995,0
DA:1001,0
DA:1003,0
DA:1006,0
DA:1009,0
DA:1010,0
DA:1011,0
DA:1012,0
DA:1013,0
DA:1017,0
DA:1020,0
DA:1021,0
DA:1022,0
DA:1023,0
DA:1024,0
DA:1028,0
DA:1029,0
DA:1030,0
DA:1034,0
DA:1037,0
DA:1038,0
DA:1039,0
DA:1040,0
DA:1041,0
DA:1044,0
DA:1063,0
DA:1064,0
DA:1065,0
DA:1067,0
DA:1069,0
DA:1075,0
DA:1076,0
DA:1078,0
DA:1079,0
DA:1085,0
DA:1086,0
DA:1091,0
DA:1092,0
DA:1096,0
DA:1097,0
DA:1098,0
DA:1099,0
DA:1105,0
DA:1106,0
DA:1107,0
DA:1115,0
DA:1116,0
DA:1121,0
DA:1122,0
DA:1123,0
DA:1124,0
DA:1127,0
DA:1130,0
DA:1131,0
DA:1132,0
DA:1134,0
DA:1135,0
DA:1136,0
DA:1140,0
DA:1141,0
DA:1142,0
LF:290
LH:68
BRDA:73,0,0,0
BRDA:73,0,1,4
BRDA:73,1,0,4
BRDA:73,1,1,4
BRDA:112,2,0,1
BRDA:112,2,1,3
BRDA:122,3,0,1
BRDA:122,3,1,2
BRDA:140,4,0,0
BRDA:140,4,1,2
BRDA:140,5,0,2
BRDA:140,5,1,2
BRDA:141,6,0,0
BRDA:141,6,1,2
BRDA:141,7,0,2
BRDA:141,7,1,2
BRDA:142,8,0,0
BRDA:142,8,1,2
BRDA:142,9,0,2
BRDA:142,9,1,2
BRDA:144,10,0,0
BRDA:144,10,1,2
BRDA:144,11,0,2
BRDA:144,11,1,2
BRDA:146,12,0,0
BRDA:146,12,1,2
BRDA:146,13,0,2
BRDA:146,13,1,2
BRDA:157,14,0,1
BRDA:157,14,1,0
BRDA:166,15,0,0
BRDA:166,15,1,2
BRDA:170,16,0,0
BRDA:170,16,1,0
BRDA:176,17,0,0
BRDA:176,17,1,2
BRDA:180,18,0,0
BRDA:180,18,1,0
BRDA:189,19,0,2
BRDA:189,19,1,2
BRDA:190,20,0,2
BRDA:190,20,1,0
BRDA:191,21,0,2
BRDA:191,21,1,0
BRDA:192,22,0,2
BRDA:192,22,1,0
BRDA:193,23,0,2
BRDA:193,23,1,0
BRDA:194,24,0,2
BRDA:194,24,1,2
BRDA:195,25,0,2
BRDA:195,25,1,0
BRDA:196,26,0,2
BRDA:196,26,1,0
BRDA:197,27,0,2
BRDA:197,27,1,0
BRDA:198,28,0,2
BRDA:198,28,1,0
BRDA:199,29,0,2
BRDA:199,29,1,0
BRDA:200,30,0,2
BRDA:200,30,1,0
BRDA:201,31,0,2
BRDA:201,31,1,0
BRDA:202,32,0,2
BRDA:202,32,1,0
BRDA:206,33,0,2
BRDA:206,33,1,0
BRDA:222,34,0,1
BRDA:222,34,1,0
BRDA:224,35,0,1
BRDA:224,35,1,0
BRDA:242,36,0,0
BRDA:242,36,1,0
BRDA:249,37,0,0
BRDA:249,37,1,0
BRDA:291,38,0,0
BRDA:291,38,1,0
BRDA:298,39,0,0
BRDA:298,39,1,0
BRDA:348,40,0,0
BRDA:348,40,1,0
BRDA:371,41,0,0
BRDA:371,41,1,0
BRDA:384,42,0,0
BRDA:384,43,0,0
BRDA:423,44,0,0
BRDA:423,44,1,0
BRDA:436,45,0,0
BRDA:436,45,1,0
BRDA:458,46,0,0
BRDA:458,46,1,0
BRDA:459,47,0,0
BRDA:459,47,1,0
BRDA:466,48,0,0
BRDA:466,48,1,0
BRDA:469,49,0,0
BRDA:469,49,1,0
BRDA:475,50,0,0
BRDA:475,50,1,0
BRDA:501,51,0,0
BRDA:501,51,1,0
BRDA:502,52,0,0
BRDA:502,52,1,0
BRDA:511,53,0,0
BRDA:511,53,1,0
BRDA:542,54,0,0
BRDA:542,55,0,0
BRDA:549,56,0,0
BRDA:549,56,1,0
BRDA:588,57,0,0
BRDA:588,58,0,0
BRDA:651,59,0,0
BRDA:651,60,0,0
BRDA:658,61,0,0
BRDA:658,61,1,0
BRDA:697,62,0,0
BRDA:697,63,0,0
BRDA:767,64,0,0
BRDA:767,64,1,0
BRDA:768,65,0,0
BRDA:768,65,1,0
BRDA:774,66,0,0
BRDA:774,66,1,0
BRDA:777,67,0,0
BRDA:777,67,1,0
BRDA:783,68,0,0
BRDA:783,68,1,0
BRDA:786,69,0,0
BRDA:786,69,1,0
BRDA:792,70,0,0
BRDA:792,70,1,0
BRDA:796,71,0,0
BRDA:796,71,1,0
BRDA:835,72,0,0
BRDA:835,72,1,0
BRDA:836,73,0,0
BRDA:836,73,1,0
BRDA:837,74,0,0
BRDA:837,74,1,0
BRDA:851,75,0,0
BRDA:851,75,1,0
BRDA:852,76,0,0
BRDA:852,76,1,0
BRDA:858,77,0,0
BRDA:858,77,1,0
BRDA:861,78,0,0
BRDA:861,78,1,0
BRDA:867,79,0,0
BRDA:867,79,1,0
BRDA:872,80,0,0
BRDA:872,80,1,0
BRDA:875,81,0,0
BRDA:875,81,1,0
BRDA:914,82,0,0
BRDA:914,82,1,0
BRDA:915,83,0,0
BRDA:915,83,1,0
BRDA:916,84,0,0
BRDA:916,84,1,0
BRDA:972,85,0,0
BRDA:972,85,1,0
BRDA:984,86,0,0
BRDA:984,86,1,0
BRDA:987,87,0,0
BRDA:987,87,1,0
BRDA:992,88,0,0
BRDA:992,88,1,0
BRDA:992,89,0,0
BRDA:992,89,1,0
BRDA:1009,90,0,0
BRDA:1009,90,1,0
BRDA:1020,91,0,0
BRDA:1020,91,1,0
BRDA:1029,92,0,0
BRDA:1029,92,1,0
BRDA:1029,93,0,0
BRDA:1029,93,1,0
BRDA:1037,94,0,0
BRDA:1037,94,1,0
BRDA:1053,95,0,0
BRDA:1053,95,1,0
BRDA:1054,96,0,0
BRDA:1054,96,1,0
BRDA:1055,97,0,0
BRDA:1055,97,1,0
BRDA:1063,98,0,0
BRDA:1063,98,1,0
BRDA:1067,99,0,0
BRDA:1067,99,1,0
BRDA:1091,100,0,0
BRDA:1091,100,1,0
BRDA:1096,101,0,0
BRDA:1096,101,1,0
BRDA:1105,102,0,0
BRDA:1105,102,1,0
BRDA:1115,103,0,0
BRDA:1115,103,1,0
BRDA:1122,104,0,0
BRDA:1122,104,1,0
BRF:200
BRH:44
end_of_record
TN:
SF:src\services\public\search.service.ts
FN:4,(anonymous_0)
FN:65,(anonymous_1)
FN:168,(anonymous_2)
FN:203,(anonymous_3)
FN:282,(anonymous_4)
FN:321,(anonymous_5)
FN:358,(anonymous_6)
FN:373,(anonymous_7)
FN:409,(anonymous_8)
FN:440,(anonymous_9)
FN:509,(anonymous_10)
FN:547,(anonymous_11)
FN:568,(anonymous_12)
FNF:13
FNH:4
FNDA:3,(anonymous_0)
FNDA:2,(anonymous_1)
FNDA:2,(anonymous_2)
FNDA:2,(anonymous_3)
FNDA:0,(anonymous_4)
FNDA:0,(anonymous_5)
FNDA:0,(anonymous_6)
FNDA:0,(anonymous_7)
FNDA:0,(anonymous_8)
FNDA:0,(anonymous_9)
FNDA:0,(anonymous_10)
FNDA:0,(anonymous_11)
FNDA:0,(anonymous_12)
DA:1,1
DA:4,1
DA:5,3
DA:6,3
DA:8,3
DA:55,2
DA:65,1
DA:71,2
DA:74,2
DA:76,2
DA:77,1
DA:80,2
DA:81,1
DA:85,2
DA:117,2
DA:118,2
DA:119,2
DA:136,2
DA:137,2
DA:138,2
DA:159,2
DA:168,1
DA:169,2
DA:171,2
DA:203,1
DA:211,2
DA:214,2
DA:216,2
DA:217,2
DA:224,2
DA:225,1
DA:233,2
DA:234,2
DA:238,2
DA:239,1
DA:242,2
DA:244,1
DA:251,2
DA:253,1
DA:258,2
DA:259,1
DA:262,2
DA:282,1
DA:283,0
DA:285,0
DA:321,1
DA:322,0
DA:324,0
DA:358,1
DA:359,0
DA:362,0
DA:373,0
DA:375,0
DA:409,1
DA:410,0
DA:412,0
DA:413,0
DA:415,0
DA:417,0
DA:436,0
DA:438,0
DA:440,0
DA:442,0
DA:444,0
DA:447,0
DA:456,0
DA:458,0
DA:483,0
DA:484,0
DA:488,0
DA:497,0
DA:501,0
DA:509,1
DA:510,0
DA:513,0
DA:515,0
DA:516,0
DA:518,0
DA:519,0
DA:520,0
DA:522,0
DA:523,0
DA:526,0
DA:547,0
DA:548,0
DA:549,0
DA:550,0
DA:551,0
DA:553,0
DA:554,0
DA:555,0
DA:558,0
DA:559,0
DA:561,0
DA:568,0
DA:570,0
LF:96
LH:47
BRDA:4,0,0,1
BRDA:4,1,0,1
BRDA:76,2,0,1
BRDA:76,2,1,1
BRDA:76,3,0,1
BRDA:76,3,1,1
BRDA:76,4,0,2
BRDA:76,4,1,2
BRDA:80,5,0,1
BRDA:80,5,1,1
BRDA:80,6,0,1
BRDA:80,6,1,1
BRDA:80,7,0,2
BRDA:80,7,1,2
BRDA:118,8,0,2
BRDA:118,8,1,0
BRDA:118,9,0,2
BRDA:118,9,1,0
BRDA:118,10,0,1
BRDA:118,10,1,1
BRDA:118,11,0,2
BRDA:118,11,1,2
BRDA:121,12,0,2
BRDA:121,12,1,1
BRDA:121,13,0,1
BRDA:121,13,1,1
BRDA:121,14,0,2
BRDA:121,14,1,2
BRDA:137,15,0,2
BRDA:137,15,1,0
BRDA:137,16,0,2
BRDA:137,16,1,0
BRDA:137,17,0,1
BRDA:137,17,1,1
BRDA:137,18,0,2
BRDA:137,18,1,2
BRDA:216,19,0,2
BRDA:216,19,1,0
BRDA:224,20,0,1
BRDA:224,20,1,1
BRDA:233,21,0,2
BRDA:233,21,1,0
BRDA:238,22,0,1
BRDA:238,22,1,1
BRDA:242,23,0,1
BRDA:242,23,1,1
BRDA:251,24,0,1
BRDA:251,24,1,1
BRDA:258,25,0,1
BRDA:258,25,1,1
BRDA:409,26,0,0
BRDA:415,27,0,0
BRDA:415,27,1,0
BRDA:415,28,0,0
BRDA:415,28,1,0
BRDA:442,29,0,0
BRDA:442,29,1,0
BRDA:456,30,0,0
BRDA:456,30,1,0
BRDA:456,31,0,0
BRDA:456,31,1,0
BRDA:484,32,0,0
BRDA:484,32,1,0
BRDA:484,32,2,0
BRDA:484,33,0,0
BRDA:484,33,1,0
BRDA:484,34,0,0
BRDA:484,34,1,0
BRDA:484,35,0,0
BRDA:484,35,1,0
BRDA:484,36,0,0
BRDA:484,36,1,0
BRDA:485,37,0,0
BRDA:485,37,1,0
BRDA:485,38,0,0
BRDA:485,38,1,0
BRDA:485,39,0,0
BRDA:485,39,1,0
BRDA:485,40,0,0
BRDA:485,40,1,0
BRDA:485,41,0,0
BRDA:485,41,1,0
BRDA:485,42,0,0
BRDA:485,42,1,0
BRDA:490,43,0,0
BRDA:490,43,1,0
BRDA:490,43,2,0
BRDA:515,44,0,0
BRDA:515,44,1,0
BRDA:518,45,0,0
BRDA:518,45,1,0
BRDA:522,46,0,0
BRDA:522,46,1,0
BRDA:549,47,0,0
BRDA:549,47,1,0
BRDA:549,48,0,0
BRDA:549,48,1,0
BRDA:549,49,0,0
BRDA:549,49,1,0
BRDA:550,50,0,0
BRDA:550,50,1,0
BRDA:550,51,0,0
BRDA:550,51,1,0
BRDA:550,52,0,0
BRDA:550,52,1,0
BRDA:550,53,0,0
BRDA:550,53,1,0
BRDA:550,53,2,0
BRDA:551,54,0,0
BRDA:551,54,1,0
BRDA:551,55,0,0
BRDA:551,55,1,0
BRDA:551,56,0,0
BRDA:551,56,1,0
BRDA:553,57,0,0
BRDA:553,57,1,0
BRDA:553,58,0,0
BRDA:553,58,1,0
BRDA:554,59,0,0
BRDA:554,59,1,0
BRDA:554,60,0,0
BRDA:554,60,1,0
BRDA:555,61,0,0
BRDA:555,61,1,0
BRDA:555,62,0,0
BRDA:555,62,1,0
BRDA:558,63,0,0
BRDA:558,63,1,0
BRDA:558,64,0,0
BRDA:558,64,1,0
BRDA:559,65,0,0
BRDA:559,65,1,0
BRDA:559,66,0,0
BRDA:559,66,1,0
BRDA:559,66,2,0
BRF:135
BRH:44
end_of_record
